[2019-02-10 19:15:39,319] {models.py:1359} INFO - Dependencies all met for <TaskInstance: Rescale.Ingestion_from_S3 2015-06-12T00:00:00+00:00 [queued]>
[2019-02-10 19:15:39,321] {models.py:1359} INFO - Dependencies all met for <TaskInstance: Rescale.Ingestion_from_S3 2015-06-12T00:00:00+00:00 [queued]>
[2019-02-10 19:15:39,321] {models.py:1571} INFO - 
--------------------------------------------------------------------------------
Starting attempt 1 of 2
--------------------------------------------------------------------------------

[2019-02-10 19:15:39,329] {models.py:1593} INFO - Executing <Task(BashOperator): Ingestion_from_S3> on 2015-06-12T00:00:00+00:00
[2019-02-10 19:15:39,329] {base_task_runner.py:118} INFO - Running: ['bash', '-c', 'airflow run Rescale Ingestion_from_S3 2015-06-12T00:00:00+00:00 --job_id 46 --raw -sd DAGS_FOLDER/rs-pipeline1.py --cfg_path /tmp/tmpivhkccol']
[2019-02-10 19:15:39,847] {base_task_runner.py:101} INFO - Job 46: Subtask Ingestion_from_S3 [2019-02-10 19:15:39,847] {__init__.py:51} INFO - Using executor SequentialExecutor
[2019-02-10 19:15:39,997] {base_task_runner.py:101} INFO - Job 46: Subtask Ingestion_from_S3 [2019-02-10 19:15:39,997] {models.py:273} INFO - Filling up the DagBag from /home/ec2-user/airflow/dags/rs-pipeline1.py
[2019-02-10 19:15:40,011] {base_task_runner.py:101} INFO - Job 46: Subtask Ingestion_from_S3 [2019-02-10 19:15:40,010] {cli.py:520} INFO - Running <TaskInstance: Rescale.Ingestion_from_S3 2015-06-12T00:00:00+00:00 [running]> on host ip-172-31-15-235.us-east-2.compute.internal
[2019-02-10 19:15:40,022] {bash_operator.py:77} INFO - Tmp dir root location: 
 /tmp
[2019-02-10 19:15:40,022] {bash_operator.py:86} INFO - Exporting the following env vars:
AIRFLOW_CTX_DAG_ID=Rescale
AIRFLOW_CTX_TASK_ID=Ingestion_from_S3
AIRFLOW_CTX_EXECUTION_DATE=2015-06-12T00:00:00+00:00
AIRFLOW_CTX_DAG_RUN_ID=scheduled__2015-06-12T00:00:00+00:00
[2019-02-10 19:15:40,022] {bash_operator.py:100} INFO - Temporary script location: /tmp/airflowtmp0iwxg8n8/Ingestion_from_S3y2k8l12s
[2019-02-10 19:15:40,023] {bash_operator.py:110} INFO - Running command: python /home/ec2-user/get_s3data.py
[2019-02-10 19:15:40,026] {bash_operator.py:119} INFO - Output:
[2019-02-10 19:15:41,247] {bash_operator.py:127} INFO - Command exited with return code 0
[2019-02-10 19:15:44,324] {logging_mixin.py:95} INFO - [2019-02-10 19:15:44,324] {jobs.py:2527} INFO - Task exited with return code 0
