[2019-02-10 19:44:11,583] {models.py:1359} INFO - Dependencies all met for <TaskInstance: Rescale.Data_to_SQL 2015-07-01T00:00:00+00:00 [queued]>
[2019-02-10 19:44:11,587] {models.py:1359} INFO - Dependencies all met for <TaskInstance: Rescale.Data_to_SQL 2015-07-01T00:00:00+00:00 [queued]>
[2019-02-10 19:44:11,587] {models.py:1571} INFO - 
--------------------------------------------------------------------------------
Starting attempt 1 of 2
--------------------------------------------------------------------------------

[2019-02-10 19:44:11,595] {models.py:1593} INFO - Executing <Task(BashOperator): Data_to_SQL> on 2015-07-01T00:00:00+00:00
[2019-02-10 19:44:11,596] {base_task_runner.py:118} INFO - Running: ['bash', '-c', 'airflow run Rescale Data_to_SQL 2015-07-01T00:00:00+00:00 --job_id 116 --raw -sd DAGS_FOLDER/rs-pipeline1.py --cfg_path /tmp/tmpjwhrl72g']
[2019-02-10 19:44:12,129] {base_task_runner.py:101} INFO - Job 116: Subtask Data_to_SQL [2019-02-10 19:44:12,129] {__init__.py:51} INFO - Using executor SequentialExecutor
[2019-02-10 19:44:12,281] {base_task_runner.py:101} INFO - Job 116: Subtask Data_to_SQL [2019-02-10 19:44:12,281] {models.py:273} INFO - Filling up the DagBag from /home/ec2-user/airflow/dags/rs-pipeline1.py
[2019-02-10 19:44:12,292] {base_task_runner.py:101} INFO - Job 116: Subtask Data_to_SQL [2019-02-10 19:44:12,292] {cli.py:520} INFO - Running <TaskInstance: Rescale.Data_to_SQL 2015-07-01T00:00:00+00:00 [running]> on host ip-172-31-15-235.us-east-2.compute.internal
[2019-02-10 19:44:12,303] {bash_operator.py:77} INFO - Tmp dir root location: 
 /tmp
[2019-02-10 19:44:12,304] {bash_operator.py:86} INFO - Exporting the following env vars:
AIRFLOW_CTX_DAG_ID=Rescale
AIRFLOW_CTX_TASK_ID=Data_to_SQL
AIRFLOW_CTX_EXECUTION_DATE=2015-07-01T00:00:00+00:00
AIRFLOW_CTX_DAG_RUN_ID=scheduled__2015-07-01T00:00:00+00:00
[2019-02-10 19:44:12,304] {bash_operator.py:100} INFO - Temporary script location: /tmp/airflowtmpwb8y45wt/Data_to_SQLhgv6sxy_
[2019-02-10 19:44:12,304] {bash_operator.py:110} INFO - Running command: /home/ec2-user/insert_to_sql.sh 
[2019-02-10 19:44:12,307] {bash_operator.py:119} INFO - Output:
[2019-02-10 19:44:17,412] {bash_operator.py:127} INFO - Command exited with return code 0
[2019-02-10 19:44:21,596] {logging_mixin.py:95} INFO - [2019-02-10 19:44:21,596] {jobs.py:2527} INFO - Task exited with return code 0
