[2019-02-10 19:51:20,029] {models.py:1359} INFO - Dependencies all met for <TaskInstance: Rescale.Data_to_SQL 2015-07-06T00:00:00+00:00 [queued]>
[2019-02-10 19:51:20,034] {models.py:1359} INFO - Dependencies all met for <TaskInstance: Rescale.Data_to_SQL 2015-07-06T00:00:00+00:00 [queued]>
[2019-02-10 19:51:20,034] {models.py:1571} INFO - 
--------------------------------------------------------------------------------
Starting attempt 1 of 2
--------------------------------------------------------------------------------

[2019-02-10 19:51:20,041] {models.py:1593} INFO - Executing <Task(BashOperator): Data_to_SQL> on 2015-07-06T00:00:00+00:00
[2019-02-10 19:51:20,041] {base_task_runner.py:118} INFO - Running: ['bash', '-c', 'airflow run Rescale Data_to_SQL 2015-07-06T00:00:00+00:00 --job_id 126 --raw -sd DAGS_FOLDER/rs-pipeline1.py --cfg_path /tmp/tmpw4c7ecs3']
[2019-02-10 19:51:20,565] {base_task_runner.py:101} INFO - Job 126: Subtask Data_to_SQL [2019-02-10 19:51:20,564] {__init__.py:51} INFO - Using executor SequentialExecutor
[2019-02-10 19:51:20,715] {base_task_runner.py:101} INFO - Job 126: Subtask Data_to_SQL [2019-02-10 19:51:20,715] {models.py:273} INFO - Filling up the DagBag from /home/ec2-user/airflow/dags/rs-pipeline1.py
[2019-02-10 19:51:20,727] {base_task_runner.py:101} INFO - Job 126: Subtask Data_to_SQL [2019-02-10 19:51:20,727] {cli.py:520} INFO - Running <TaskInstance: Rescale.Data_to_SQL 2015-07-06T00:00:00+00:00 [running]> on host ip-172-31-15-235.us-east-2.compute.internal
[2019-02-10 19:51:20,738] {bash_operator.py:77} INFO - Tmp dir root location: 
 /tmp
[2019-02-10 19:51:20,738] {bash_operator.py:86} INFO - Exporting the following env vars:
AIRFLOW_CTX_DAG_ID=Rescale
AIRFLOW_CTX_TASK_ID=Data_to_SQL
AIRFLOW_CTX_EXECUTION_DATE=2015-07-06T00:00:00+00:00
AIRFLOW_CTX_DAG_RUN_ID=scheduled__2015-07-06T00:00:00+00:00
[2019-02-10 19:51:20,738] {bash_operator.py:100} INFO - Temporary script location: /tmp/airflowtmphsuxovjy/Data_to_SQL8z32s3wu
[2019-02-10 19:51:20,738] {bash_operator.py:110} INFO - Running command: /home/ec2-user/insert_to_sql.sh 
[2019-02-10 19:51:20,742] {bash_operator.py:119} INFO - Output:
[2019-02-10 19:51:25,882] {bash_operator.py:127} INFO - Command exited with return code 0
[2019-02-10 19:51:30,034] {logging_mixin.py:95} INFO - [2019-02-10 19:51:30,034] {jobs.py:2527} INFO - Task exited with return code 0
