[2019-02-10 19:46:02,276] {models.py:1359} INFO - Dependencies all met for <TaskInstance: Rescale.Ingestion_from_S3 2015-07-04T00:00:00+00:00 [queued]>
[2019-02-10 19:46:02,277] {models.py:1359} INFO - Dependencies all met for <TaskInstance: Rescale.Ingestion_from_S3 2015-07-04T00:00:00+00:00 [queued]>
[2019-02-10 19:46:02,277] {models.py:1571} INFO - 
--------------------------------------------------------------------------------
Starting attempt 1 of 2
--------------------------------------------------------------------------------

[2019-02-10 19:46:02,285] {models.py:1593} INFO - Executing <Task(BashOperator): Ingestion_from_S3> on 2015-07-04T00:00:00+00:00
[2019-02-10 19:46:02,285] {base_task_runner.py:118} INFO - Running: ['bash', '-c', 'airflow run Rescale Ingestion_from_S3 2015-07-04T00:00:00+00:00 --job_id 119 --raw -sd DAGS_FOLDER/rs-pipeline1.py --cfg_path /tmp/tmpiczkswx6']
[2019-02-10 19:46:02,833] {base_task_runner.py:101} INFO - Job 119: Subtask Ingestion_from_S3 [2019-02-10 19:46:02,832] {__init__.py:51} INFO - Using executor SequentialExecutor
[2019-02-10 19:46:02,992] {base_task_runner.py:101} INFO - Job 119: Subtask Ingestion_from_S3 [2019-02-10 19:46:02,992] {models.py:273} INFO - Filling up the DagBag from /home/ec2-user/airflow/dags/rs-pipeline1.py
[2019-02-10 19:46:03,005] {base_task_runner.py:101} INFO - Job 119: Subtask Ingestion_from_S3 [2019-02-10 19:46:03,005] {cli.py:520} INFO - Running <TaskInstance: Rescale.Ingestion_from_S3 2015-07-04T00:00:00+00:00 [running]> on host ip-172-31-15-235.us-east-2.compute.internal
[2019-02-10 19:46:03,019] {bash_operator.py:77} INFO - Tmp dir root location: 
 /tmp
[2019-02-10 19:46:03,019] {bash_operator.py:86} INFO - Exporting the following env vars:
AIRFLOW_CTX_DAG_ID=Rescale
AIRFLOW_CTX_TASK_ID=Ingestion_from_S3
AIRFLOW_CTX_EXECUTION_DATE=2015-07-04T00:00:00+00:00
AIRFLOW_CTX_DAG_RUN_ID=scheduled__2015-07-04T00:00:00+00:00
[2019-02-10 19:46:03,019] {bash_operator.py:100} INFO - Temporary script location: /tmp/airflowtmpw652gpo_/Ingestion_from_S32xqbq_h2
[2019-02-10 19:46:03,019] {bash_operator.py:110} INFO - Running command: python /home/ec2-user/get_s3data.py
[2019-02-10 19:46:03,027] {bash_operator.py:119} INFO - Output:
[2019-02-10 19:46:11,942] {bash_operator.py:123} INFO - Downloading the file spotprices_20181113_604329154527_ap-northeast-1.csv
[2019-02-10 19:46:11,942] {bash_operator.py:123} INFO - Downloading the file spotprices_20181113_604329154527_ap-northeast-2.csv
[2019-02-10 19:46:11,942] {bash_operator.py:123} INFO - Downloading the file spotprices_20181113_604329154527_eu-west-1.csv
[2019-02-10 19:46:11,942] {bash_operator.py:123} INFO - Downloading the file spotprices_20181113_604329154527_us-east-1.csv
[2019-02-10 19:46:11,942] {bash_operator.py:123} INFO - Downloading the file spotprices_20181113_604329154527_us-east-2.csv
[2019-02-10 19:46:11,942] {bash_operator.py:123} INFO - Downloading the file spotprices_20181113_604329154527_us-west-2.csv
[2019-02-10 19:46:11,942] {bash_operator.py:123} INFO - Downloading the file spotprices_20181114_604329154527_ap-northeast-1.csv
[2019-02-10 19:46:11,942] {bash_operator.py:123} INFO - Downloading the file spotprices_20181114_604329154527_ap-northeast-2.csv
[2019-02-10 19:46:11,942] {bash_operator.py:123} INFO - Downloading the file spotprices_20181114_604329154527_eu-west-1.csv
[2019-02-10 19:46:11,942] {bash_operator.py:123} INFO - Downloading the file spotprices_20181114_604329154527_us-east-1.csv
[2019-02-10 19:46:11,943] {bash_operator.py:123} INFO - Downloading the file spotprices_20181114_604329154527_us-east-2.csv
[2019-02-10 19:46:11,943] {bash_operator.py:123} INFO - Downloading the file spotprices_20181114_604329154527_us-west-2.csv
[2019-02-10 19:46:11,943] {bash_operator.py:123} INFO - Downloading the file spotprices_20181115_604329154527_ap-northeast-1.csv
[2019-02-10 19:46:11,943] {bash_operator.py:123} INFO - Downloading the file spotprices_20181115_604329154527_ap-northeast-2.csv
[2019-02-10 19:46:11,943] {bash_operator.py:123} INFO - Downloading the file spotprices_20181115_604329154527_eu-west-1.csv
[2019-02-10 19:46:11,943] {bash_operator.py:123} INFO - Downloading the file spotprices_20181115_604329154527_us-east-1.csv
[2019-02-10 19:46:11,943] {bash_operator.py:123} INFO - Downloading the file spotprices_20181115_604329154527_us-east-2.csv
[2019-02-10 19:46:11,943] {bash_operator.py:123} INFO - Downloading the file spotprices_20181115_604329154527_us-west-2.csv
[2019-02-10 19:46:11,943] {bash_operator.py:123} INFO - Downloading the file spotprices_20181116_604329154527_ap-northeast-1.csv
[2019-02-10 19:46:11,943] {bash_operator.py:123} INFO - Downloading the file spotprices_20181116_604329154527_ap-northeast-2.csv
[2019-02-10 19:46:11,943] {bash_operator.py:123} INFO - Downloading the file spotprices_20181116_604329154527_eu-west-1.csv
[2019-02-10 19:46:11,943] {bash_operator.py:123} INFO - Downloading the file spotprices_20181116_604329154527_us-east-1.csv
[2019-02-10 19:46:11,943] {bash_operator.py:123} INFO - Downloading the file spotprices_20181116_604329154527_us-east-2.csv
[2019-02-10 19:46:11,943] {bash_operator.py:123} INFO - Downloading the file spotprices_20181116_604329154527_us-west-2.csv
[2019-02-10 19:46:11,943] {bash_operator.py:123} INFO - Downloading the file spotprices_20181117_604329154527_ap-northeast-1.csv
[2019-02-10 19:46:11,943] {bash_operator.py:123} INFO - Downloading the file spotprices_20181117_604329154527_ap-northeast-2.csv
[2019-02-10 19:46:11,943] {bash_operator.py:123} INFO - Downloading the file spotprices_20181117_604329154527_eu-west-1.csv
[2019-02-10 19:46:11,943] {bash_operator.py:123} INFO - Downloading the file spotprices_20181117_604329154527_us-east-1.csv
[2019-02-10 19:46:11,943] {bash_operator.py:123} INFO - Downloading the file spotprices_20181117_604329154527_us-east-2.csv
[2019-02-10 19:46:11,943] {bash_operator.py:123} INFO - Downloading the file spotprices_20181117_604329154527_us-west-2.csv
[2019-02-10 19:46:11,943] {bash_operator.py:123} INFO - Downloading the file spotprices_20181118_604329154527_ap-northeast-1.csv
[2019-02-10 19:46:11,943] {bash_operator.py:123} INFO - Downloading the file spotprices_20181118_604329154527_ap-northeast-2.csv
[2019-02-10 19:46:11,943] {bash_operator.py:123} INFO - Downloading the file spotprices_20181118_604329154527_eu-west-1.csv
[2019-02-10 19:46:11,943] {bash_operator.py:123} INFO - Downloading the file spotprices_20181118_604329154527_us-east-1.csv
[2019-02-10 19:46:11,943] {bash_operator.py:123} INFO - Downloading the file spotprices_20181118_604329154527_us-east-2.csv
[2019-02-10 19:46:11,943] {bash_operator.py:123} INFO - Downloading the file spotprices_20181118_604329154527_us-west-2.csv
[2019-02-10 19:46:11,944] {bash_operator.py:123} INFO - Downloading the file spotprices_20181119_604329154527_ap-northeast-1.csv
[2019-02-10 19:46:11,944] {bash_operator.py:123} INFO - Downloading the file spotprices_20181119_604329154527_ap-northeast-2.csv
[2019-02-10 19:46:11,944] {bash_operator.py:123} INFO - Downloading the file spotprices_20181119_604329154527_eu-west-1.csv
[2019-02-10 19:46:11,944] {bash_operator.py:123} INFO - Downloading the file spotprices_20181119_604329154527_us-east-1.csv
[2019-02-10 19:46:11,944] {bash_operator.py:123} INFO - Downloading the file spotprices_20181119_604329154527_us-east-2.csv
[2019-02-10 19:46:11,944] {bash_operator.py:123} INFO - Downloading the file spotprices_20181119_604329154527_us-west-2.csv
[2019-02-10 19:46:11,944] {bash_operator.py:123} INFO - Downloading the file spotprices_20181120_604329154527_ap-northeast-1.csv
[2019-02-10 19:46:11,944] {bash_operator.py:123} INFO - Downloading the file spotprices_20181120_604329154527_ap-northeast-2.csv
[2019-02-10 19:46:11,944] {bash_operator.py:123} INFO - Downloading the file spotprices_20181120_604329154527_eu-west-1.csv
[2019-02-10 19:46:11,944] {bash_operator.py:123} INFO - Downloading the file spotprices_20181120_604329154527_us-east-1.csv
[2019-02-10 19:46:11,944] {bash_operator.py:123} INFO - Downloading the file spotprices_20181120_604329154527_us-east-2.csv
[2019-02-10 19:46:11,944] {bash_operator.py:123} INFO - Downloading the file spotprices_20181120_604329154527_us-west-2.csv
[2019-02-10 19:46:11,944] {bash_operator.py:123} INFO - Downloading the file spotprices_20181121_604329154527_ap-northeast-1.csv
[2019-02-10 19:46:11,944] {bash_operator.py:123} INFO - Downloading the file spotprices_20181121_604329154527_ap-northeast-2.csv
[2019-02-10 19:46:11,944] {bash_operator.py:123} INFO - Downloading the file spotprices_20181121_604329154527_eu-west-1.csv
[2019-02-10 19:46:11,944] {bash_operator.py:123} INFO - Downloading the file spotprices_20181121_604329154527_us-east-1.csv
[2019-02-10 19:46:11,944] {bash_operator.py:123} INFO - Downloading the file spotprices_20181121_604329154527_us-east-2.csv
[2019-02-10 19:46:11,944] {bash_operator.py:123} INFO - Downloading the file spotprices_20181121_604329154527_us-west-2.csv
[2019-02-10 19:46:11,944] {bash_operator.py:123} INFO - Downloading the file spotprices_20181122_604329154527_ap-northeast-1.csv
[2019-02-10 19:46:11,944] {bash_operator.py:123} INFO - Downloading the file spotprices_20181122_604329154527_ap-northeast-2.csv
[2019-02-10 19:46:11,944] {bash_operator.py:123} INFO - Downloading the file spotprices_20181122_604329154527_eu-west-1.csv
[2019-02-10 19:46:11,944] {bash_operator.py:123} INFO - Downloading the file spotprices_20181122_604329154527_us-east-1.csv
[2019-02-10 19:46:11,944] {bash_operator.py:123} INFO - Downloading the file spotprices_20181122_604329154527_us-east-2.csv
[2019-02-10 19:46:11,944] {bash_operator.py:123} INFO - Downloading the file spotprices_20181122_604329154527_us-west-2.csv
[2019-02-10 19:46:11,944] {bash_operator.py:123} INFO - Downloading the file spotprices_20181123_604329154527_ap-northeast-1.csv
[2019-02-10 19:46:11,944] {bash_operator.py:123} INFO - Downloading the file spotprices_20181123_604329154527_ap-northeast-2.csv
[2019-02-10 19:46:11,944] {bash_operator.py:123} INFO - Downloading the file spotprices_20181123_604329154527_eu-west-1.csv
[2019-02-10 19:46:11,944] {bash_operator.py:123} INFO - Downloading the file spotprices_20181123_604329154527_us-east-1.csv
[2019-02-10 19:46:11,945] {bash_operator.py:123} INFO - Downloading the file spotprices_20181123_604329154527_us-east-2.csv
[2019-02-10 19:46:11,945] {bash_operator.py:123} INFO - Downloading the file spotprices_20181123_604329154527_us-west-2.csv
[2019-02-10 19:46:11,945] {bash_operator.py:123} INFO - Downloading the file spotprices_20181124_604329154527_ap-northeast-1.csv
[2019-02-10 19:46:11,945] {bash_operator.py:123} INFO - Downloading the file spotprices_20181124_604329154527_ap-northeast-2.csv
[2019-02-10 19:46:11,945] {bash_operator.py:123} INFO - Downloading the file spotprices_20181124_604329154527_eu-west-1.csv
[2019-02-10 19:46:11,945] {bash_operator.py:123} INFO - Downloading the file spotprices_20181124_604329154527_us-east-1.csv
[2019-02-10 19:46:11,945] {bash_operator.py:123} INFO - Downloading the file spotprices_20181124_604329154527_us-east-2.csv
[2019-02-10 19:46:11,945] {bash_operator.py:123} INFO - Downloading the file spotprices_20181124_604329154527_us-west-2.csv
[2019-02-10 19:46:11,945] {bash_operator.py:123} INFO - Downloading the file spotprices_20181125_604329154527_ap-northeast-1.csv
[2019-02-10 19:46:11,945] {bash_operator.py:123} INFO - Downloading the file spotprices_20181125_604329154527_ap-northeast-2.csv
[2019-02-10 19:46:11,945] {bash_operator.py:123} INFO - Downloading the file spotprices_20181125_604329154527_eu-west-1.csv
[2019-02-10 19:46:11,945] {bash_operator.py:123} INFO - Downloading the file spotprices_20181125_604329154527_us-east-1.csv
[2019-02-10 19:46:11,945] {bash_operator.py:123} INFO - Downloading the file spotprices_20181125_604329154527_us-east-2.csv
[2019-02-10 19:46:11,945] {bash_operator.py:123} INFO - Downloading the file spotprices_20181125_604329154527_us-west-2.csv
[2019-02-10 19:46:11,945] {bash_operator.py:123} INFO - Downloading the file spotprices_20181126_604329154527_ap-northeast-1.csv
[2019-02-10 19:46:11,945] {bash_operator.py:123} INFO - Downloading the file spotprices_20181126_604329154527_ap-northeast-2.csv
[2019-02-10 19:46:11,945] {bash_operator.py:123} INFO - Downloading the file spotprices_20181126_604329154527_eu-west-1.csv
[2019-02-10 19:46:11,945] {bash_operator.py:123} INFO - Downloading the file spotprices_20181126_604329154527_us-east-1.csv
[2019-02-10 19:46:11,945] {bash_operator.py:123} INFO - Downloading the file spotprices_20181126_604329154527_us-east-2.csv
[2019-02-10 19:46:11,945] {bash_operator.py:123} INFO - Downloading the file spotprices_20181126_604329154527_us-west-2.csv
[2019-02-10 19:46:11,945] {bash_operator.py:123} INFO - Downloading the file spotprices_20181127_604329154527_ap-northeast-1.csv
[2019-02-10 19:46:11,945] {bash_operator.py:123} INFO - Downloading the file spotprices_20181127_604329154527_ap-northeast-2.csv
[2019-02-10 19:46:11,945] {bash_operator.py:123} INFO - Downloading the file spotprices_20181127_604329154527_eu-west-1.csv
[2019-02-10 19:46:11,945] {bash_operator.py:123} INFO - Downloading the file spotprices_20181127_604329154527_us-east-1.csv
[2019-02-10 19:46:11,945] {bash_operator.py:123} INFO - Downloading the file spotprices_20181127_604329154527_us-east-2.csv
[2019-02-10 19:46:11,945] {bash_operator.py:123} INFO - Downloading the file spotprices_20181127_604329154527_us-west-2.csv
[2019-02-10 19:46:11,945] {bash_operator.py:123} INFO - Downloading the file spotprices_20181128_604329154527_ap-northeast-1.csv
[2019-02-10 19:46:11,945] {bash_operator.py:123} INFO - Downloading the file spotprices_20181128_604329154527_ap-northeast-2.csv
[2019-02-10 19:46:11,945] {bash_operator.py:123} INFO - Downloading the file spotprices_20181128_604329154527_eu-west-1.csv
[2019-02-10 19:46:11,946] {bash_operator.py:123} INFO - Downloading the file spotprices_20181128_604329154527_us-east-1.csv
[2019-02-10 19:46:11,946] {bash_operator.py:123} INFO - Downloading the file spotprices_20181128_604329154527_us-east-2.csv
[2019-02-10 19:46:11,946] {bash_operator.py:123} INFO - Downloading the file spotprices_20181128_604329154527_us-west-2.csv
[2019-02-10 19:46:11,946] {bash_operator.py:123} INFO - Downloading the file spotprices_20181129_604329154527_ap-northeast-1.csv
[2019-02-10 19:46:11,946] {bash_operator.py:123} INFO - Downloading the file spotprices_20181129_604329154527_ap-northeast-2.csv
[2019-02-10 19:46:11,946] {bash_operator.py:123} INFO - Downloading the file spotprices_20181129_604329154527_eu-west-1.csv
[2019-02-10 19:46:11,946] {bash_operator.py:123} INFO - Downloading the file spotprices_20181129_604329154527_us-east-1.csv
[2019-02-10 19:46:11,946] {bash_operator.py:123} INFO - Downloading the file spotprices_20181129_604329154527_us-east-2.csv
[2019-02-10 19:46:11,946] {bash_operator.py:123} INFO - Downloading the file spotprices_20181129_604329154527_us-west-2.csv
[2019-02-10 19:46:11,946] {bash_operator.py:123} INFO - Downloading the file spotprices_20181130_604329154527_ap-northeast-1.csv
[2019-02-10 19:46:11,946] {bash_operator.py:123} INFO - Downloading the file spotprices_20181130_604329154527_ap-northeast-2.csv
[2019-02-10 19:46:11,946] {bash_operator.py:123} INFO - Downloading the file spotprices_20181130_604329154527_eu-west-1.csv
[2019-02-10 19:46:11,946] {bash_operator.py:123} INFO - Downloading the file spotprices_20181130_604329154527_us-east-1.csv
[2019-02-10 19:46:11,946] {bash_operator.py:123} INFO - Downloading the file spotprices_20181130_604329154527_us-east-2.csv
[2019-02-10 19:46:11,946] {bash_operator.py:123} INFO - Downloading the file spotprices_20181130_604329154527_us-west-2.csv
[2019-02-10 19:46:11,946] {bash_operator.py:123} INFO - Downloading the file spotprices_20181201_604329154527_ap-northeast-1.csv
[2019-02-10 19:46:11,946] {bash_operator.py:123} INFO - Downloading the file spotprices_20181201_604329154527_ap-northeast-2.csv
[2019-02-10 19:46:11,946] {bash_operator.py:123} INFO - Downloading the file spotprices_20181201_604329154527_eu-west-1.csv
[2019-02-10 19:46:11,946] {bash_operator.py:123} INFO - Downloading the file spotprices_20181201_604329154527_us-east-1.csv
[2019-02-10 19:46:11,946] {bash_operator.py:123} INFO - Downloading the file spotprices_20181201_604329154527_us-east-2.csv
[2019-02-10 19:46:11,946] {bash_operator.py:123} INFO - Downloading the file spotprices_20181201_604329154527_us-west-2.csv
[2019-02-10 19:46:11,946] {bash_operator.py:123} INFO - Downloading the file spotprices_20181202_604329154527_ap-northeast-1.csv
[2019-02-10 19:46:11,946] {bash_operator.py:123} INFO - Downloading the file spotprices_20181202_604329154527_ap-northeast-2.csv
[2019-02-10 19:46:11,946] {bash_operator.py:123} INFO - Downloading the file spotprices_20181202_604329154527_eu-west-1.csv
[2019-02-10 19:46:18,944] {bash_operator.py:123} INFO - Downloading the file spotprices_20181202_604329154527_us-east-1.csv
[2019-02-10 19:46:18,944] {bash_operator.py:123} INFO - Downloading the file spotprices_20181202_604329154527_us-east-2.csv
[2019-02-10 19:46:18,944] {bash_operator.py:123} INFO - Downloading the file spotprices_20181202_604329154527_us-west-2.csv
[2019-02-10 19:46:18,944] {bash_operator.py:123} INFO - Downloading the file spotprices_20181203_604329154527_ap-northeast-1.csv
[2019-02-10 19:46:18,945] {bash_operator.py:123} INFO - Downloading the file spotprices_20181203_604329154527_ap-northeast-2.csv
[2019-02-10 19:46:18,945] {bash_operator.py:123} INFO - Downloading the file spotprices_20181203_604329154527_eu-west-1.csv
[2019-02-10 19:46:18,945] {bash_operator.py:123} INFO - Downloading the file spotprices_20181203_604329154527_us-east-1.csv
[2019-02-10 19:46:18,945] {bash_operator.py:123} INFO - Downloading the file spotprices_20181203_604329154527_us-east-2.csv
[2019-02-10 19:46:18,945] {bash_operator.py:123} INFO - Downloading the file spotprices_20181203_604329154527_us-west-2.csv
[2019-02-10 19:46:18,945] {bash_operator.py:123} INFO - Downloading the file spotprices_20181204_604329154527_ap-northeast-1.csv
[2019-02-10 19:46:18,945] {bash_operator.py:123} INFO - Downloading the file spotprices_20181204_604329154527_ap-northeast-2.csv
[2019-02-10 19:46:18,945] {bash_operator.py:123} INFO - Downloading the file spotprices_20181204_604329154527_eu-west-1.csv
[2019-02-10 19:46:18,945] {bash_operator.py:123} INFO - Downloading the file spotprices_20181204_604329154527_us-east-1.csv
[2019-02-10 19:46:18,945] {bash_operator.py:123} INFO - Downloading the file spotprices_20181204_604329154527_us-east-2.csv
[2019-02-10 19:46:18,945] {bash_operator.py:123} INFO - Downloading the file spotprices_20181204_604329154527_us-west-2.csv
[2019-02-10 19:46:18,945] {bash_operator.py:123} INFO - Downloading the file spotprices_20181205_604329154527_ap-northeast-1.csv
[2019-02-10 19:46:18,945] {bash_operator.py:123} INFO - Downloading the file spotprices_20181205_604329154527_ap-northeast-2.csv
[2019-02-10 19:46:18,945] {bash_operator.py:123} INFO - Downloading the file spotprices_20181205_604329154527_eu-west-1.csv
[2019-02-10 19:46:18,945] {bash_operator.py:123} INFO - Downloading the file spotprices_20181205_604329154527_us-east-1.csv
[2019-02-10 19:46:18,945] {bash_operator.py:123} INFO - Downloading the file spotprices_20181205_604329154527_us-east-2.csv
[2019-02-10 19:46:18,945] {bash_operator.py:123} INFO - Downloading the file spotprices_20181205_604329154527_us-west-2.csv
[2019-02-10 19:46:18,945] {bash_operator.py:123} INFO - Downloading the file spotprices_20181206_604329154527_ap-northeast-1.csv
[2019-02-10 19:46:18,945] {bash_operator.py:123} INFO - Downloading the file spotprices_20181206_604329154527_ap-northeast-2.csv
[2019-02-10 19:46:18,945] {bash_operator.py:123} INFO - Downloading the file spotprices_20181206_604329154527_eu-west-1.csv
[2019-02-10 19:46:18,945] {bash_operator.py:123} INFO - Downloading the file spotprices_20181206_604329154527_us-east-1.csv
[2019-02-10 19:46:18,945] {bash_operator.py:123} INFO - Downloading the file spotprices_20181206_604329154527_us-east-2.csv
[2019-02-10 19:46:18,945] {bash_operator.py:123} INFO - Downloading the file spotprices_20181206_604329154527_us-west-2.csv
[2019-02-10 19:46:18,945] {bash_operator.py:123} INFO - Downloading the file spotprices_20181207_604329154527_ap-northeast-1.csv
[2019-02-10 19:46:18,945] {bash_operator.py:123} INFO - Downloading the file spotprices_20181207_604329154527_ap-northeast-2.csv
[2019-02-10 19:46:18,945] {bash_operator.py:123} INFO - Downloading the file spotprices_20181207_604329154527_eu-west-1.csv
[2019-02-10 19:46:18,945] {bash_operator.py:123} INFO - Downloading the file spotprices_20181207_604329154527_us-east-1.csv
[2019-02-10 19:46:18,945] {bash_operator.py:123} INFO - Downloading the file spotprices_20181207_604329154527_us-east-2.csv
[2019-02-10 19:46:18,946] {bash_operator.py:123} INFO - Downloading the file spotprices_20181207_604329154527_us-west-2.csv
[2019-02-10 19:46:18,946] {bash_operator.py:123} INFO - Downloading the file spotprices_20181208_604329154527_ap-northeast-1.csv
[2019-02-10 19:46:18,946] {bash_operator.py:123} INFO - Downloading the file spotprices_20181208_604329154527_ap-northeast-2.csv
[2019-02-10 19:46:18,946] {bash_operator.py:123} INFO - Downloading the file spotprices_20181208_604329154527_eu-west-1.csv
[2019-02-10 19:46:18,946] {bash_operator.py:123} INFO - Downloading the file spotprices_20181208_604329154527_us-east-1.csv
[2019-02-10 19:46:18,946] {bash_operator.py:123} INFO - Downloading the file spotprices_20181208_604329154527_us-east-2.csv
[2019-02-10 19:46:18,946] {bash_operator.py:123} INFO - Downloading the file spotprices_20181208_604329154527_us-west-2.csv
[2019-02-10 19:46:18,946] {bash_operator.py:123} INFO - Downloading the file spotprices_20181209_604329154527_ap-northeast-1.csv
[2019-02-10 19:46:18,946] {bash_operator.py:123} INFO - Downloading the file spotprices_20181209_604329154527_ap-northeast-2.csv
[2019-02-10 19:46:18,946] {bash_operator.py:123} INFO - Downloading the file spotprices_20181209_604329154527_eu-west-1.csv
[2019-02-10 19:46:18,946] {bash_operator.py:123} INFO - Downloading the file spotprices_20181209_604329154527_us-east-1.csv
[2019-02-10 19:46:18,946] {bash_operator.py:123} INFO - Downloading the file spotprices_20181209_604329154527_us-east-2.csv
[2019-02-10 19:46:18,946] {bash_operator.py:123} INFO - Downloading the file spotprices_20181209_604329154527_us-west-2.csv
[2019-02-10 19:46:18,946] {bash_operator.py:123} INFO - Downloading the file spotprices_20181210_604329154527_ap-northeast-1.csv
[2019-02-10 19:46:18,946] {bash_operator.py:123} INFO - Downloading the file spotprices_20181210_604329154527_ap-northeast-2.csv
[2019-02-10 19:46:18,946] {bash_operator.py:123} INFO - Downloading the file spotprices_20181210_604329154527_eu-west-1.csv
[2019-02-10 19:46:18,946] {bash_operator.py:123} INFO - Downloading the file spotprices_20181210_604329154527_us-east-1.csv
[2019-02-10 19:46:18,946] {bash_operator.py:123} INFO - Downloading the file spotprices_20181210_604329154527_us-east-2.csv
[2019-02-10 19:46:18,946] {bash_operator.py:123} INFO - Downloading the file spotprices_20181210_604329154527_us-west-2.csv
[2019-02-10 19:46:18,946] {bash_operator.py:123} INFO - Downloading the file spotprices_20181211_604329154527_ap-northeast-1.csv
[2019-02-10 19:46:18,946] {bash_operator.py:123} INFO - Downloading the file spotprices_20181211_604329154527_ap-northeast-2.csv
[2019-02-10 19:46:18,946] {bash_operator.py:123} INFO - Downloading the file spotprices_20181211_604329154527_eu-west-1.csv
[2019-02-10 19:46:18,946] {bash_operator.py:123} INFO - Downloading the file spotprices_20181211_604329154527_us-east-1.csv
[2019-02-10 19:46:18,946] {bash_operator.py:123} INFO - Downloading the file spotprices_20181211_604329154527_us-east-2.csv
[2019-02-10 19:46:18,946] {bash_operator.py:123} INFO - Downloading the file spotprices_20181211_604329154527_us-west-2.csv
[2019-02-10 19:46:18,946] {bash_operator.py:123} INFO - Downloading the file spotprices_20181212_604329154527_ap-northeast-1.csv
[2019-02-10 19:46:18,946] {bash_operator.py:123} INFO - Downloading the file spotprices_20181212_604329154527_ap-northeast-2.csv
[2019-02-10 19:46:18,946] {bash_operator.py:123} INFO - Downloading the file spotprices_20181212_604329154527_eu-west-1.csv
[2019-02-10 19:46:18,947] {bash_operator.py:123} INFO - Downloading the file spotprices_20181212_604329154527_us-east-1.csv
[2019-02-10 19:46:18,947] {bash_operator.py:123} INFO - Downloading the file spotprices_20181212_604329154527_us-east-2.csv
[2019-02-10 19:46:18,947] {bash_operator.py:123} INFO - Downloading the file spotprices_20181212_604329154527_us-west-2.csv
[2019-02-10 19:46:18,947] {bash_operator.py:123} INFO - Downloading the file spotprices_20181213_604329154527_ap-northeast-1.csv
[2019-02-10 19:46:18,947] {bash_operator.py:123} INFO - Downloading the file spotprices_20181213_604329154527_ap-northeast-2.csv
[2019-02-10 19:46:18,947] {bash_operator.py:123} INFO - Downloading the file spotprices_20181213_604329154527_eu-west-1.csv
[2019-02-10 19:46:18,947] {bash_operator.py:123} INFO - Downloading the file spotprices_20181213_604329154527_us-east-1.csv
[2019-02-10 19:46:18,947] {bash_operator.py:123} INFO - Downloading the file spotprices_20181213_604329154527_us-east-2.csv
[2019-02-10 19:46:18,947] {bash_operator.py:123} INFO - Downloading the file spotprices_20181213_604329154527_us-west-2.csv
[2019-02-10 19:46:18,947] {bash_operator.py:123} INFO - Downloading the file spotprices_20181214_604329154527_ap-northeast-1.csv
[2019-02-10 19:46:18,947] {bash_operator.py:123} INFO - Downloading the file spotprices_20181214_604329154527_ap-northeast-2.csv
[2019-02-10 19:46:18,947] {bash_operator.py:123} INFO - Downloading the file spotprices_20181214_604329154527_eu-west-1.csv
[2019-02-10 19:46:18,947] {bash_operator.py:123} INFO - Downloading the file spotprices_20181214_604329154527_us-east-1.csv
[2019-02-10 19:46:18,947] {bash_operator.py:123} INFO - Downloading the file spotprices_20181214_604329154527_us-east-2.csv
[2019-02-10 19:46:18,947] {bash_operator.py:123} INFO - Downloading the file spotprices_20181214_604329154527_us-west-2.csv
[2019-02-10 19:46:18,947] {bash_operator.py:123} INFO - Downloading the file spotprices_20181215_604329154527_ap-northeast-1.csv
[2019-02-10 19:46:18,947] {bash_operator.py:123} INFO - Downloading the file spotprices_20181215_604329154527_ap-northeast-2.csv
[2019-02-10 19:46:18,947] {bash_operator.py:123} INFO - Downloading the file spotprices_20181215_604329154527_eu-west-1.csv
[2019-02-10 19:46:18,947] {bash_operator.py:123} INFO - Downloading the file spotprices_20181215_604329154527_us-east-1.csv
[2019-02-10 19:46:18,947] {bash_operator.py:123} INFO - Downloading the file spotprices_20181215_604329154527_us-east-2.csv
[2019-02-10 19:46:18,947] {bash_operator.py:123} INFO - Downloading the file spotprices_20181215_604329154527_us-west-2.csv
[2019-02-10 19:46:18,947] {bash_operator.py:123} INFO - Downloading the file spotprices_20181216_604329154527_ap-northeast-1.csv
[2019-02-10 19:46:18,948] {bash_operator.py:123} INFO - Downloading the file spotprices_20181216_604329154527_ap-northeast-2.csv
[2019-02-10 19:46:18,948] {bash_operator.py:123} INFO - Downloading the file spotprices_20181216_604329154527_eu-west-1.csv
[2019-02-10 19:46:18,948] {bash_operator.py:123} INFO - Downloading the file spotprices_20181216_604329154527_us-east-1.csv
[2019-02-10 19:46:18,948] {bash_operator.py:123} INFO - Downloading the file spotprices_20181216_604329154527_us-east-2.csv
[2019-02-10 19:46:18,948] {bash_operator.py:123} INFO - Downloading the file spotprices_20181216_604329154527_us-west-2.csv
[2019-02-10 19:46:18,948] {bash_operator.py:123} INFO - Downloading the file spotprices_20181217_604329154527_ap-northeast-1.csv
[2019-02-10 19:46:18,948] {bash_operator.py:123} INFO - Downloading the file spotprices_20181217_604329154527_ap-northeast-2.csv
[2019-02-10 19:46:18,948] {bash_operator.py:123} INFO - Downloading the file spotprices_20181217_604329154527_eu-west-1.csv
[2019-02-10 19:46:18,948] {bash_operator.py:123} INFO - Downloading the file spotprices_20181217_604329154527_us-east-1.csv
[2019-02-10 19:46:18,948] {bash_operator.py:123} INFO - Downloading the file spotprices_20181217_604329154527_us-east-2.csv
[2019-02-10 19:46:18,948] {bash_operator.py:123} INFO - Downloading the file spotprices_20181217_604329154527_us-west-2.csv
[2019-02-10 19:46:18,948] {bash_operator.py:123} INFO - Downloading the file spotprices_20181218_604329154527_ap-northeast-1.csv
[2019-02-10 19:46:18,948] {bash_operator.py:123} INFO - Downloading the file spotprices_20181218_604329154527_ap-northeast-2.csv
[2019-02-10 19:46:18,948] {bash_operator.py:123} INFO - Downloading the file spotprices_20181218_604329154527_eu-west-1.csv
[2019-02-10 19:46:18,948] {bash_operator.py:123} INFO - Downloading the file spotprices_20181218_604329154527_us-east-1.csv
[2019-02-10 19:46:18,948] {bash_operator.py:123} INFO - Downloading the file spotprices_20181218_604329154527_us-east-2.csv
[2019-02-10 19:46:18,948] {bash_operator.py:123} INFO - Downloading the file spotprices_20181218_604329154527_us-west-2.csv
[2019-02-10 19:46:18,948] {bash_operator.py:123} INFO - Downloading the file spotprices_20181219_604329154527_ap-northeast-1.csv
[2019-02-10 19:46:18,949] {bash_operator.py:123} INFO - Downloading the file spotprices_20181219_604329154527_ap-northeast-2.csv
[2019-02-10 19:46:18,949] {bash_operator.py:123} INFO - Downloading the file spotprices_20181219_604329154527_eu-west-1.csv
[2019-02-10 19:46:18,949] {bash_operator.py:123} INFO - Downloading the file spotprices_20181219_604329154527_us-east-1.csv
[2019-02-10 19:46:18,949] {bash_operator.py:123} INFO - Downloading the file spotprices_20181219_604329154527_us-east-2.csv
[2019-02-10 19:46:18,949] {bash_operator.py:123} INFO - Downloading the file spotprices_20181219_604329154527_us-west-2.csv
[2019-02-10 19:46:18,949] {bash_operator.py:123} INFO - Downloading the file spotprices_20181220_604329154527_ap-northeast-1.csv
[2019-02-10 19:46:18,949] {bash_operator.py:123} INFO - Downloading the file spotprices_20181220_604329154527_ap-northeast-2.csv
[2019-02-10 19:46:18,949] {bash_operator.py:123} INFO - Downloading the file spotprices_20181220_604329154527_eu-west-1.csv
[2019-02-10 19:46:18,949] {bash_operator.py:123} INFO - Downloading the file spotprices_20181220_604329154527_us-east-1.csv
[2019-02-10 19:46:18,949] {bash_operator.py:123} INFO - Downloading the file spotprices_20181220_604329154527_us-east-2.csv
[2019-02-10 19:46:18,949] {bash_operator.py:123} INFO - Downloading the file spotprices_20181220_604329154527_us-west-2.csv
[2019-02-10 19:46:18,949] {bash_operator.py:123} INFO - Downloading the file spotprices_20181221_604329154527_ap-northeast-1.csv
[2019-02-10 19:46:18,949] {bash_operator.py:123} INFO - Downloading the file spotprices_20181221_604329154527_ap-northeast-2.csv
[2019-02-10 19:46:18,949] {bash_operator.py:123} INFO - Downloading the file spotprices_20181221_604329154527_eu-west-1.csv
[2019-02-10 19:46:18,949] {bash_operator.py:123} INFO - Downloading the file spotprices_20181221_604329154527_us-east-1.csv
[2019-02-10 19:46:18,949] {bash_operator.py:123} INFO - Downloading the file spotprices_20181221_604329154527_us-east-2.csv
[2019-02-10 19:46:18,949] {bash_operator.py:123} INFO - Downloading the file spotprices_20181221_604329154527_us-west-2.csv
[2019-02-10 19:46:18,949] {bash_operator.py:123} INFO - Downloading the file spotprices_20181222_604329154527_ap-northeast-1.csv
[2019-02-10 19:46:27,458] {bash_operator.py:123} INFO - Downloading the file spotprices_20181222_604329154527_ap-northeast-2.csv
[2019-02-10 19:46:27,458] {bash_operator.py:123} INFO - Downloading the file spotprices_20181222_604329154527_eu-west-1.csv
[2019-02-10 19:46:27,458] {bash_operator.py:123} INFO - Downloading the file spotprices_20181222_604329154527_us-east-1.csv
[2019-02-10 19:46:27,458] {bash_operator.py:123} INFO - Downloading the file spotprices_20181222_604329154527_us-east-2.csv
[2019-02-10 19:46:27,458] {bash_operator.py:123} INFO - Downloading the file spotprices_20181222_604329154527_us-west-2.csv
[2019-02-10 19:46:27,458] {bash_operator.py:123} INFO - Downloading the file spotprices_20181223_604329154527_ap-northeast-1.csv
[2019-02-10 19:46:27,458] {bash_operator.py:123} INFO - Downloading the file spotprices_20181223_604329154527_ap-northeast-2.csv
[2019-02-10 19:46:27,458] {bash_operator.py:123} INFO - Downloading the file spotprices_20181223_604329154527_eu-west-1.csv
[2019-02-10 19:46:27,458] {bash_operator.py:123} INFO - Downloading the file spotprices_20181223_604329154527_us-east-1.csv
[2019-02-10 19:46:27,458] {bash_operator.py:123} INFO - Downloading the file spotprices_20181223_604329154527_us-east-2.csv
[2019-02-10 19:46:27,458] {bash_operator.py:123} INFO - Downloading the file spotprices_20181223_604329154527_us-west-2.csv
[2019-02-10 19:46:27,458] {bash_operator.py:123} INFO - Downloading the file spotprices_20181224_604329154527_ap-northeast-1.csv
[2019-02-10 19:46:27,458] {bash_operator.py:123} INFO - Downloading the file spotprices_20181224_604329154527_ap-northeast-2.csv
[2019-02-10 19:46:27,458] {bash_operator.py:123} INFO - Downloading the file spotprices_20181224_604329154527_eu-west-1.csv
[2019-02-10 19:46:27,458] {bash_operator.py:123} INFO - Downloading the file spotprices_20181224_604329154527_us-east-1.csv
[2019-02-10 19:46:27,458] {bash_operator.py:123} INFO - Downloading the file spotprices_20181224_604329154527_us-east-2.csv
[2019-02-10 19:46:27,458] {bash_operator.py:123} INFO - Downloading the file spotprices_20181224_604329154527_us-west-2.csv
[2019-02-10 19:46:27,458] {bash_operator.py:123} INFO - Downloading the file spotprices_20181225_604329154527_ap-northeast-1.csv
[2019-02-10 19:46:27,458] {bash_operator.py:123} INFO - Downloading the file spotprices_20181225_604329154527_ap-northeast-2.csv
[2019-02-10 19:46:27,458] {bash_operator.py:123} INFO - Downloading the file spotprices_20181225_604329154527_eu-west-1.csv
[2019-02-10 19:46:27,459] {bash_operator.py:123} INFO - Downloading the file spotprices_20181225_604329154527_us-east-1.csv
[2019-02-10 19:46:27,459] {bash_operator.py:123} INFO - Downloading the file spotprices_20181225_604329154527_us-east-2.csv
[2019-02-10 19:46:27,459] {bash_operator.py:123} INFO - Downloading the file spotprices_20181225_604329154527_us-west-2.csv
[2019-02-10 19:46:27,459] {bash_operator.py:123} INFO - Downloading the file spotprices_20181226_604329154527_ap-northeast-1.csv
[2019-02-10 19:46:27,459] {bash_operator.py:123} INFO - Downloading the file spotprices_20181226_604329154527_ap-northeast-2.csv
[2019-02-10 19:46:27,459] {bash_operator.py:123} INFO - Downloading the file spotprices_20181226_604329154527_eu-west-1.csv
[2019-02-10 19:46:27,459] {bash_operator.py:123} INFO - Downloading the file spotprices_20181226_604329154527_us-east-1.csv
[2019-02-10 19:46:27,459] {bash_operator.py:123} INFO - Downloading the file spotprices_20181226_604329154527_us-east-2.csv
[2019-02-10 19:46:27,459] {bash_operator.py:123} INFO - Downloading the file spotprices_20181226_604329154527_us-west-2.csv
[2019-02-10 19:46:27,459] {bash_operator.py:123} INFO - Downloading the file spotprices_20181227_604329154527_ap-northeast-1.csv
[2019-02-10 19:46:27,459] {bash_operator.py:123} INFO - Downloading the file spotprices_20181227_604329154527_ap-northeast-2.csv
[2019-02-10 19:46:27,459] {bash_operator.py:123} INFO - Downloading the file spotprices_20181227_604329154527_eu-west-1.csv
[2019-02-10 19:46:27,459] {bash_operator.py:123} INFO - Downloading the file spotprices_20181227_604329154527_us-east-1.csv
[2019-02-10 19:46:27,459] {bash_operator.py:123} INFO - Downloading the file spotprices_20181227_604329154527_us-east-2.csv
[2019-02-10 19:46:27,459] {bash_operator.py:123} INFO - Downloading the file spotprices_20181227_604329154527_us-west-2.csv
[2019-02-10 19:46:27,459] {bash_operator.py:123} INFO - Downloading the file spotprices_20181228_604329154527_ap-northeast-1.csv
[2019-02-10 19:46:27,459] {bash_operator.py:123} INFO - Downloading the file spotprices_20181228_604329154527_ap-northeast-2.csv
[2019-02-10 19:46:27,459] {bash_operator.py:123} INFO - Downloading the file spotprices_20181228_604329154527_eu-west-1.csv
[2019-02-10 19:46:27,459] {bash_operator.py:123} INFO - Downloading the file spotprices_20181228_604329154527_us-east-1.csv
[2019-02-10 19:46:27,459] {bash_operator.py:123} INFO - Downloading the file spotprices_20181228_604329154527_us-east-2.csv
[2019-02-10 19:46:27,459] {bash_operator.py:123} INFO - Downloading the file spotprices_20181228_604329154527_us-west-2.csv
[2019-02-10 19:46:27,459] {bash_operator.py:123} INFO - Downloading the file spotprices_20181229_604329154527_ap-northeast-1.csv
[2019-02-10 19:46:27,459] {bash_operator.py:123} INFO - Downloading the file spotprices_20181229_604329154527_ap-northeast-2.csv
[2019-02-10 19:46:27,459] {bash_operator.py:123} INFO - Downloading the file spotprices_20181229_604329154527_eu-west-1.csv
[2019-02-10 19:46:27,459] {bash_operator.py:123} INFO - Downloading the file spotprices_20181229_604329154527_us-east-1.csv
[2019-02-10 19:46:27,459] {bash_operator.py:123} INFO - Downloading the file spotprices_20181229_604329154527_us-east-2.csv
[2019-02-10 19:46:27,460] {bash_operator.py:123} INFO - Downloading the file spotprices_20181229_604329154527_us-west-2.csv
[2019-02-10 19:46:27,460] {bash_operator.py:123} INFO - Downloading the file spotprices_20181230_604329154527_ap-northeast-1.csv
[2019-02-10 19:46:27,460] {bash_operator.py:123} INFO - Downloading the file spotprices_20181230_604329154527_ap-northeast-2.csv
[2019-02-10 19:46:27,460] {bash_operator.py:123} INFO - Downloading the file spotprices_20181230_604329154527_eu-west-1.csv
[2019-02-10 19:46:27,460] {bash_operator.py:123} INFO - Downloading the file spotprices_20181230_604329154527_us-east-1.csv
[2019-02-10 19:46:27,460] {bash_operator.py:123} INFO - Downloading the file spotprices_20181230_604329154527_us-east-2.csv
[2019-02-10 19:46:27,460] {bash_operator.py:123} INFO - Downloading the file spotprices_20181230_604329154527_us-west-2.csv
[2019-02-10 19:46:27,460] {bash_operator.py:123} INFO - Downloading the file spotprices_20181231_604329154527_ap-northeast-1.csv
[2019-02-10 19:46:27,460] {bash_operator.py:123} INFO - Downloading the file spotprices_20181231_604329154527_ap-northeast-2.csv
[2019-02-10 19:46:27,460] {bash_operator.py:123} INFO - Downloading the file spotprices_20181231_604329154527_eu-west-1.csv
[2019-02-10 19:46:27,460] {bash_operator.py:123} INFO - Downloading the file spotprices_20181231_604329154527_us-east-1.csv
[2019-02-10 19:46:27,460] {bash_operator.py:123} INFO - Downloading the file spotprices_20181231_604329154527_us-east-2.csv
[2019-02-10 19:46:27,460] {bash_operator.py:123} INFO - Downloading the file spotprices_20181231_604329154527_us-west-2.csv
[2019-02-10 19:46:27,460] {bash_operator.py:123} INFO - Downloading the file spotprices_20190101_604329154527_ap-northeast-1.csv
[2019-02-10 19:46:27,460] {bash_operator.py:123} INFO - Downloading the file spotprices_20190101_604329154527_ap-northeast-2.csv
[2019-02-10 19:46:27,460] {bash_operator.py:123} INFO - Downloading the file spotprices_20190101_604329154527_eu-west-1.csv
[2019-02-10 19:46:27,460] {bash_operator.py:123} INFO - Downloading the file spotprices_20190101_604329154527_us-east-1.csv
[2019-02-10 19:46:27,460] {bash_operator.py:123} INFO - Downloading the file spotprices_20190101_604329154527_us-east-2.csv
[2019-02-10 19:46:27,460] {bash_operator.py:123} INFO - Downloading the file spotprices_20190101_604329154527_us-west-2.csv
[2019-02-10 19:46:27,460] {bash_operator.py:123} INFO - Downloading the file spotprices_20190102_604329154527_ap-northeast-1.csv
[2019-02-10 19:46:27,460] {bash_operator.py:123} INFO - Downloading the file spotprices_20190102_604329154527_ap-northeast-2.csv
[2019-02-10 19:46:27,460] {bash_operator.py:123} INFO - Downloading the file spotprices_20190102_604329154527_eu-west-1.csv
[2019-02-10 19:46:27,460] {bash_operator.py:123} INFO - Downloading the file spotprices_20190102_604329154527_us-east-1.csv
[2019-02-10 19:46:27,460] {bash_operator.py:123} INFO - Downloading the file spotprices_20190102_604329154527_us-east-2.csv
[2019-02-10 19:46:27,460] {bash_operator.py:123} INFO - Downloading the file spotprices_20190102_604329154527_us-west-2.csv
[2019-02-10 19:46:27,460] {bash_operator.py:123} INFO - Downloading the file spotprices_20190103_604329154527_ap-northeast-1.csv
[2019-02-10 19:46:27,461] {bash_operator.py:123} INFO - Downloading the file spotprices_20190103_604329154527_ap-northeast-2.csv
[2019-02-10 19:46:27,461] {bash_operator.py:123} INFO - Downloading the file spotprices_20190103_604329154527_eu-west-1.csv
[2019-02-10 19:46:27,461] {bash_operator.py:123} INFO - Downloading the file spotprices_20190103_604329154527_us-east-1.csv
[2019-02-10 19:46:27,461] {bash_operator.py:123} INFO - Downloading the file spotprices_20190103_604329154527_us-east-2.csv
[2019-02-10 19:46:27,461] {bash_operator.py:123} INFO - Downloading the file spotprices_20190103_604329154527_us-west-2.csv
[2019-02-10 19:46:27,461] {bash_operator.py:123} INFO - Downloading the file spotprices_20190104_604329154527_ap-northeast-1.csv
[2019-02-10 19:46:27,461] {bash_operator.py:123} INFO - Downloading the file spotprices_20190104_604329154527_ap-northeast-2.csv
[2019-02-10 19:46:27,461] {bash_operator.py:123} INFO - Downloading the file spotprices_20190104_604329154527_eu-west-1.csv
[2019-02-10 19:46:27,461] {bash_operator.py:123} INFO - Downloading the file spotprices_20190104_604329154527_us-east-1.csv
[2019-02-10 19:46:27,461] {bash_operator.py:123} INFO - Downloading the file spotprices_20190104_604329154527_us-east-2.csv
[2019-02-10 19:46:27,461] {bash_operator.py:123} INFO - Downloading the file spotprices_20190104_604329154527_us-west-2.csv
[2019-02-10 19:46:27,461] {bash_operator.py:123} INFO - Downloading the file spotprices_20190105_604329154527_ap-northeast-1.csv
[2019-02-10 19:46:27,461] {bash_operator.py:123} INFO - Downloading the file spotprices_20190105_604329154527_ap-northeast-2.csv
[2019-02-10 19:46:27,461] {bash_operator.py:123} INFO - Downloading the file spotprices_20190105_604329154527_eu-west-1.csv
[2019-02-10 19:46:27,461] {bash_operator.py:123} INFO - Downloading the file spotprices_20190105_604329154527_us-east-1.csv
[2019-02-10 19:46:27,461] {bash_operator.py:123} INFO - Downloading the file spotprices_20190105_604329154527_us-east-2.csv
[2019-02-10 19:46:27,461] {bash_operator.py:123} INFO - Downloading the file spotprices_20190105_604329154527_us-west-2.csv
[2019-02-10 19:46:27,461] {bash_operator.py:123} INFO - Downloading the file spotprices_20190106_604329154527_ap-northeast-1.csv
[2019-02-10 19:46:27,461] {bash_operator.py:123} INFO - Downloading the file spotprices_20190106_604329154527_ap-northeast-2.csv
[2019-02-10 19:46:27,461] {bash_operator.py:123} INFO - Downloading the file spotprices_20190106_604329154527_eu-west-1.csv
[2019-02-10 19:46:27,461] {bash_operator.py:123} INFO - Downloading the file spotprices_20190106_604329154527_us-east-1.csv
[2019-02-10 19:46:27,461] {bash_operator.py:123} INFO - Downloading the file spotprices_20190106_604329154527_us-east-2.csv
[2019-02-10 19:46:27,461] {bash_operator.py:123} INFO - Downloading the file spotprices_20190106_604329154527_us-west-2.csv
[2019-02-10 19:46:27,461] {bash_operator.py:123} INFO - Downloading the file spotprices_20190107_604329154527_ap-northeast-1.csv
[2019-02-10 19:46:27,461] {bash_operator.py:123} INFO - Downloading the file spotprices_20190107_604329154527_ap-northeast-2.csv
[2019-02-10 19:46:27,461] {bash_operator.py:123} INFO - Downloading the file spotprices_20190107_604329154527_eu-west-1.csv
[2019-02-10 19:46:27,461] {bash_operator.py:123} INFO - Downloading the file spotprices_20190107_604329154527_us-east-1.csv
[2019-02-10 19:46:27,461] {bash_operator.py:123} INFO - Downloading the file spotprices_20190107_604329154527_us-east-2.csv
[2019-02-10 19:46:27,462] {bash_operator.py:123} INFO - Downloading the file spotprices_20190107_604329154527_us-west-2.csv
[2019-02-10 19:46:27,462] {bash_operator.py:123} INFO - Downloading the file spotprices_20190108_604329154527_ap-northeast-1.csv
[2019-02-10 19:46:27,462] {bash_operator.py:123} INFO - Downloading the file spotprices_20190108_604329154527_ap-northeast-2.csv
[2019-02-10 19:46:27,462] {bash_operator.py:123} INFO - Downloading the file spotprices_20190108_604329154527_eu-west-1.csv
[2019-02-10 19:46:27,462] {bash_operator.py:123} INFO - Downloading the file spotprices_20190108_604329154527_us-east-1.csv
[2019-02-10 19:46:27,462] {bash_operator.py:123} INFO - Downloading the file spotprices_20190108_604329154527_us-east-2.csv
[2019-02-10 19:46:27,462] {bash_operator.py:123} INFO - Downloading the file spotprices_20190108_604329154527_us-west-2.csv
[2019-02-10 19:46:27,462] {bash_operator.py:123} INFO - Downloading the file spotprices_20190109_604329154527_ap-northeast-1.csv
[2019-02-10 19:46:27,462] {bash_operator.py:123} INFO - Downloading the file spotprices_20190109_604329154527_ap-northeast-2.csv
[2019-02-10 19:46:27,462] {bash_operator.py:123} INFO - Downloading the file spotprices_20190109_604329154527_eu-west-1.csv
[2019-02-10 19:46:27,462] {bash_operator.py:123} INFO - Downloading the file spotprices_20190109_604329154527_us-east-1.csv
[2019-02-10 19:46:27,462] {bash_operator.py:123} INFO - Downloading the file spotprices_20190109_604329154527_us-east-2.csv
[2019-02-10 19:46:27,462] {bash_operator.py:123} INFO - Downloading the file spotprices_20190109_604329154527_us-west-2.csv
[2019-02-10 19:46:27,462] {bash_operator.py:123} INFO - Downloading the file spotprices_20190110_604329154527_ap-northeast-1.csv
[2019-02-10 19:46:27,462] {bash_operator.py:123} INFO - Downloading the file spotprices_20190110_604329154527_ap-northeast-2.csv
[2019-02-10 19:46:27,462] {bash_operator.py:123} INFO - Downloading the file spotprices_20190110_604329154527_eu-west-1.csv
[2019-02-10 19:46:27,462] {bash_operator.py:123} INFO - Downloading the file spotprices_20190110_604329154527_us-east-1.csv
[2019-02-10 19:46:27,462] {bash_operator.py:123} INFO - Downloading the file spotprices_20190110_604329154527_us-east-2.csv
[2019-02-10 19:46:34,616] {bash_operator.py:123} INFO - Downloading the file spotprices_20190110_604329154527_us-west-2.csv
[2019-02-10 19:46:34,616] {bash_operator.py:123} INFO - Downloading the file spotprices_20190111_604329154527_ap-northeast-1.csv
[2019-02-10 19:46:34,616] {bash_operator.py:123} INFO - Downloading the file spotprices_20190111_604329154527_ap-northeast-2.csv
[2019-02-10 19:46:34,616] {bash_operator.py:123} INFO - Downloading the file spotprices_20190111_604329154527_eu-west-1.csv
[2019-02-10 19:46:34,616] {bash_operator.py:123} INFO - Downloading the file spotprices_20190111_604329154527_us-east-1.csv
[2019-02-10 19:46:34,616] {bash_operator.py:123} INFO - Downloading the file spotprices_20190111_604329154527_us-east-2.csv
[2019-02-10 19:46:34,616] {bash_operator.py:123} INFO - Downloading the file spotprices_20190111_604329154527_us-west-2.csv
[2019-02-10 19:46:34,616] {bash_operator.py:123} INFO - Downloading the file spotprices_20190112_604329154527_ap-northeast-1.csv
[2019-02-10 19:46:34,616] {bash_operator.py:123} INFO - Downloading the file spotprices_20190112_604329154527_ap-northeast-2.csv
[2019-02-10 19:46:34,616] {bash_operator.py:123} INFO - Downloading the file spotprices_20190112_604329154527_eu-west-1.csv
[2019-02-10 19:46:34,616] {bash_operator.py:123} INFO - Downloading the file spotprices_20190112_604329154527_us-east-1.csv
[2019-02-10 19:46:34,616] {bash_operator.py:123} INFO - Downloading the file spotprices_20190112_604329154527_us-east-2.csv
[2019-02-10 19:46:34,616] {bash_operator.py:123} INFO - Downloading the file spotprices_20190112_604329154527_us-west-2.csv
[2019-02-10 19:46:34,616] {bash_operator.py:123} INFO - Downloading the file spotprices_20190113_604329154527_ap-northeast-1.csv
[2019-02-10 19:46:34,616] {bash_operator.py:123} INFO - Downloading the file spotprices_20190113_604329154527_ap-northeast-2.csv
[2019-02-10 19:46:34,616] {bash_operator.py:123} INFO - Downloading the file spotprices_20190113_604329154527_eu-west-1.csv
[2019-02-10 19:46:34,616] {bash_operator.py:123} INFO - Downloading the file spotprices_20190113_604329154527_us-east-1.csv
[2019-02-10 19:46:34,616] {bash_operator.py:123} INFO - Downloading the file spotprices_20190113_604329154527_us-east-2.csv
[2019-02-10 19:46:34,616] {bash_operator.py:123} INFO - Downloading the file spotprices_20190113_604329154527_us-west-2.csv
[2019-02-10 19:46:34,617] {bash_operator.py:123} INFO - Downloading the file spotprices_20190114_604329154527_ap-northeast-1.csv
[2019-02-10 19:46:34,617] {bash_operator.py:123} INFO - Downloading the file spotprices_20190114_604329154527_ap-northeast-2.csv
[2019-02-10 19:46:34,617] {bash_operator.py:123} INFO - Downloading the file spotprices_20190114_604329154527_eu-west-1.csv
[2019-02-10 19:46:34,617] {bash_operator.py:123} INFO - Downloading the file spotprices_20190114_604329154527_us-east-1.csv
[2019-02-10 19:46:34,617] {bash_operator.py:123} INFO - Downloading the file spotprices_20190114_604329154527_us-east-2.csv
[2019-02-10 19:46:34,617] {bash_operator.py:123} INFO - Downloading the file spotprices_20190114_604329154527_us-west-2.csv
[2019-02-10 19:46:34,617] {bash_operator.py:123} INFO - Downloading the file spotprices_20190115_604329154527_ap-northeast-1.csv
[2019-02-10 19:46:34,617] {bash_operator.py:123} INFO - Downloading the file spotprices_20190115_604329154527_ap-northeast-2.csv
[2019-02-10 19:46:34,617] {bash_operator.py:123} INFO - Downloading the file spotprices_20190115_604329154527_eu-west-1.csv
[2019-02-10 19:46:34,617] {bash_operator.py:123} INFO - Downloading the file spotprices_20190115_604329154527_us-east-1.csv
[2019-02-10 19:46:34,617] {bash_operator.py:123} INFO - Downloading the file spotprices_20190115_604329154527_us-east-2.csv
[2019-02-10 19:46:34,617] {bash_operator.py:123} INFO - Downloading the file spotprices_20190115_604329154527_us-west-2.csv
[2019-02-10 19:46:34,617] {bash_operator.py:123} INFO - Downloading the file spotprices_20190116_604329154527_ap-northeast-1.csv
[2019-02-10 19:46:34,617] {bash_operator.py:123} INFO - Downloading the file spotprices_20190116_604329154527_ap-northeast-2.csv
[2019-02-10 19:46:34,617] {bash_operator.py:123} INFO - Downloading the file spotprices_20190116_604329154527_eu-west-1.csv
[2019-02-10 19:46:34,617] {bash_operator.py:123} INFO - Downloading the file spotprices_20190116_604329154527_us-east-1.csv
[2019-02-10 19:46:34,617] {bash_operator.py:123} INFO - Downloading the file spotprices_20190116_604329154527_us-east-2.csv
[2019-02-10 19:46:34,617] {bash_operator.py:123} INFO - Downloading the file spotprices_20190116_604329154527_us-west-2.csv
[2019-02-10 19:46:34,617] {bash_operator.py:123} INFO - Downloading the file spotprices_20190117_604329154527_ap-northeast-1.csv
[2019-02-10 19:46:34,617] {bash_operator.py:123} INFO - Downloading the file spotprices_20190117_604329154527_ap-northeast-2.csv
[2019-02-10 19:46:34,617] {bash_operator.py:123} INFO - Downloading the file spotprices_20190117_604329154527_eu-west-1.csv
[2019-02-10 19:46:34,617] {bash_operator.py:123} INFO - Downloading the file spotprices_20190117_604329154527_us-east-1.csv
[2019-02-10 19:46:34,617] {bash_operator.py:123} INFO - Downloading the file spotprices_20190117_604329154527_us-east-2.csv
[2019-02-10 19:46:34,617] {bash_operator.py:123} INFO - Downloading the file spotprices_20190117_604329154527_us-west-2.csv
[2019-02-10 19:46:34,617] {bash_operator.py:123} INFO - Downloading the file spotprices_20190118_604329154527_ap-northeast-1.csv
[2019-02-10 19:46:34,617] {bash_operator.py:123} INFO - Downloading the file spotprices_20190118_604329154527_ap-northeast-2.csv
[2019-02-10 19:46:34,617] {bash_operator.py:123} INFO - Downloading the file spotprices_20190118_604329154527_eu-west-1.csv
[2019-02-10 19:46:34,618] {bash_operator.py:123} INFO - Downloading the file spotprices_20190118_604329154527_us-east-1.csv
[2019-02-10 19:46:34,618] {bash_operator.py:123} INFO - Downloading the file spotprices_20190118_604329154527_us-east-2.csv
[2019-02-10 19:46:34,618] {bash_operator.py:123} INFO - Downloading the file spotprices_20190118_604329154527_us-west-2.csv
[2019-02-10 19:46:34,618] {bash_operator.py:123} INFO - Downloading the file spotprices_20190119_604329154527_ap-northeast-1.csv
[2019-02-10 19:46:34,618] {bash_operator.py:123} INFO - Downloading the file spotprices_20190119_604329154527_ap-northeast-2.csv
[2019-02-10 19:46:34,618] {bash_operator.py:123} INFO - Downloading the file spotprices_20190119_604329154527_eu-west-1.csv
[2019-02-10 19:46:34,618] {bash_operator.py:123} INFO - Downloading the file spotprices_20190119_604329154527_us-east-1.csv
[2019-02-10 19:46:34,618] {bash_operator.py:123} INFO - Downloading the file spotprices_20190119_604329154527_us-east-2.csv
[2019-02-10 19:46:34,618] {bash_operator.py:123} INFO - Downloading the file spotprices_20190119_604329154527_us-west-2.csv
[2019-02-10 19:46:34,618] {bash_operator.py:123} INFO - Downloading the file spotprices_20190120_604329154527_ap-northeast-1.csv
[2019-02-10 19:46:34,618] {bash_operator.py:123} INFO - Downloading the file spotprices_20190120_604329154527_ap-northeast-2.csv
[2019-02-10 19:46:34,618] {bash_operator.py:123} INFO - Downloading the file spotprices_20190120_604329154527_eu-west-1.csv
[2019-02-10 19:46:34,618] {bash_operator.py:123} INFO - Downloading the file spotprices_20190120_604329154527_us-east-1.csv
[2019-02-10 19:46:34,618] {bash_operator.py:123} INFO - Downloading the file spotprices_20190120_604329154527_us-east-2.csv
[2019-02-10 19:46:34,618] {bash_operator.py:123} INFO - Downloading the file spotprices_20190120_604329154527_us-west-2.csv
[2019-02-10 19:46:34,618] {bash_operator.py:123} INFO - Downloading the file spotprices_20190121_604329154527_ap-northeast-1.csv
[2019-02-10 19:46:34,618] {bash_operator.py:123} INFO - Downloading the file spotprices_20190121_604329154527_ap-northeast-2.csv
[2019-02-10 19:46:34,618] {bash_operator.py:123} INFO - Downloading the file spotprices_20190121_604329154527_eu-west-1.csv
[2019-02-10 19:46:34,618] {bash_operator.py:123} INFO - Downloading the file spotprices_20190121_604329154527_us-east-1.csv
[2019-02-10 19:46:34,618] {bash_operator.py:123} INFO - Downloading the file spotprices_20190121_604329154527_us-east-2.csv
[2019-02-10 19:46:34,618] {bash_operator.py:123} INFO - Downloading the file spotprices_20190121_604329154527_us-west-2.csv
[2019-02-10 19:46:34,618] {bash_operator.py:123} INFO - Downloading the file spotprices_20190122_604329154527_ap-northeast-1.csv
[2019-02-10 19:46:34,618] {bash_operator.py:123} INFO - Downloading the file spotprices_20190122_604329154527_ap-northeast-2.csv
[2019-02-10 19:46:34,618] {bash_operator.py:123} INFO - Downloading the file spotprices_20190122_604329154527_eu-west-1.csv
[2019-02-10 19:46:34,618] {bash_operator.py:123} INFO - Downloading the file spotprices_20190122_604329154527_us-east-1.csv
[2019-02-10 19:46:34,618] {bash_operator.py:123} INFO - Downloading the file spotprices_20190122_604329154527_us-east-2.csv
[2019-02-10 19:46:34,618] {bash_operator.py:123} INFO - Downloading the file spotprices_20190122_604329154527_us-west-2.csv
[2019-02-10 19:46:34,618] {bash_operator.py:123} INFO - Downloading the file spotprices_20190123_604329154527_ap-northeast-1.csv
[2019-02-10 19:46:34,619] {bash_operator.py:123} INFO - Downloading the file spotprices_20190123_604329154527_ap-northeast-2.csv
[2019-02-10 19:46:34,619] {bash_operator.py:123} INFO - Downloading the file spotprices_20190123_604329154527_eu-west-1.csv
[2019-02-10 19:46:34,619] {bash_operator.py:123} INFO - Downloading the file spotprices_20190123_604329154527_us-east-1.csv
[2019-02-10 19:46:34,619] {bash_operator.py:123} INFO - Downloading the file spotprices_20190123_604329154527_us-east-2.csv
[2019-02-10 19:46:34,619] {bash_operator.py:123} INFO - Downloading the file spotprices_20190123_604329154527_us-west-2.csv
[2019-02-10 19:46:34,619] {bash_operator.py:123} INFO - Downloading the file spotprices_20190124_604329154527_ap-northeast-1.csv
[2019-02-10 19:46:34,619] {bash_operator.py:123} INFO - Downloading the file spotprices_20190124_604329154527_ap-northeast-2.csv
[2019-02-10 19:46:34,619] {bash_operator.py:123} INFO - Downloading the file spotprices_20190124_604329154527_eu-west-1.csv
[2019-02-10 19:46:34,619] {bash_operator.py:123} INFO - Downloading the file spotprices_20190124_604329154527_us-east-1.csv
[2019-02-10 19:46:34,619] {bash_operator.py:123} INFO - Downloading the file spotprices_20190124_604329154527_us-east-2.csv
[2019-02-10 19:46:34,619] {bash_operator.py:123} INFO - Downloading the file spotprices_20190124_604329154527_us-west-2.csv
[2019-02-10 19:46:34,619] {bash_operator.py:123} INFO - Downloading the file spotprices_20190125_604329154527_ap-northeast-1.csv
[2019-02-10 19:46:34,619] {bash_operator.py:123} INFO - Downloading the file spotprices_20190125_604329154527_ap-northeast-2.csv
[2019-02-10 19:46:34,619] {bash_operator.py:123} INFO - Downloading the file spotprices_20190125_604329154527_eu-west-1.csv
[2019-02-10 19:46:34,619] {bash_operator.py:123} INFO - Downloading the file spotprices_20190125_604329154527_us-east-1.csv
[2019-02-10 19:46:34,619] {bash_operator.py:123} INFO - Downloading the file spotprices_20190125_604329154527_us-east-2.csv
[2019-02-10 19:46:34,619] {bash_operator.py:123} INFO - Downloading the file spotprices_20190125_604329154527_us-west-2.csv
[2019-02-10 19:46:34,619] {bash_operator.py:123} INFO - Downloading the file spotprices_20190126_604329154527_ap-northeast-1.csv
[2019-02-10 19:46:34,619] {bash_operator.py:123} INFO - Downloading the file spotprices_20190126_604329154527_ap-northeast-2.csv
[2019-02-10 19:46:34,619] {bash_operator.py:123} INFO - Downloading the file spotprices_20190126_604329154527_eu-west-1.csv
[2019-02-10 19:46:34,619] {bash_operator.py:123} INFO - Downloading the file spotprices_20190126_604329154527_us-east-1.csv
[2019-02-10 19:46:34,619] {bash_operator.py:123} INFO - Downloading the file spotprices_20190126_604329154527_us-east-2.csv
[2019-02-10 19:46:34,619] {bash_operator.py:123} INFO - Downloading the file spotprices_20190126_604329154527_us-west-2.csv
[2019-02-10 19:46:34,620] {bash_operator.py:123} INFO - Downloading the file spotprices_20190127_604329154527_ap-northeast-1.csv
[2019-02-10 19:46:34,620] {bash_operator.py:123} INFO - Downloading the file spotprices_20190127_604329154527_ap-northeast-2.csv
[2019-02-10 19:46:34,620] {bash_operator.py:123} INFO - Downloading the file spotprices_20190127_604329154527_eu-west-1.csv
[2019-02-10 19:46:34,620] {bash_operator.py:123} INFO - Downloading the file spotprices_20190127_604329154527_us-east-1.csv
[2019-02-10 19:46:34,620] {bash_operator.py:123} INFO - Downloading the file spotprices_20190127_604329154527_us-east-2.csv
[2019-02-10 19:46:34,620] {bash_operator.py:123} INFO - Downloading the file spotprices_20190127_604329154527_us-west-2.csv
[2019-02-10 19:46:34,620] {bash_operator.py:123} INFO - Downloading the file spotprices_20190128_604329154527_ap-northeast-1.csv
[2019-02-10 19:46:34,620] {bash_operator.py:123} INFO - Downloading the file spotprices_20190128_604329154527_ap-northeast-2.csv
[2019-02-10 19:46:34,620] {bash_operator.py:123} INFO - Downloading the file spotprices_20190128_604329154527_eu-west-1.csv
[2019-02-10 19:46:34,620] {bash_operator.py:123} INFO - Downloading the file spotprices_20190128_604329154527_us-east-1.csv
[2019-02-10 19:46:34,620] {bash_operator.py:123} INFO - Downloading the file spotprices_20190128_604329154527_us-east-2.csv
[2019-02-10 19:46:34,620] {bash_operator.py:123} INFO - Downloading the file spotprices_20190128_604329154527_us-west-2.csv
[2019-02-10 19:46:34,620] {bash_operator.py:123} INFO - Downloading the file spotprices_20190129_604329154527_ap-northeast-1.csv
[2019-02-10 19:46:34,620] {bash_operator.py:123} INFO - Downloading the file spotprices_20190129_604329154527_ap-northeast-2.csv
[2019-02-10 19:46:34,620] {bash_operator.py:123} INFO - Downloading the file spotprices_20190129_604329154527_eu-west-1.csv
[2019-02-10 19:46:34,620] {bash_operator.py:123} INFO - Downloading the file spotprices_20190129_604329154527_us-east-1.csv
[2019-02-10 19:46:34,620] {bash_operator.py:123} INFO - Downloading the file spotprices_20190129_604329154527_us-east-2.csv
[2019-02-10 19:46:34,620] {bash_operator.py:123} INFO - Downloading the file spotprices_20190129_604329154527_us-west-2.csv
[2019-02-10 19:46:34,620] {bash_operator.py:123} INFO - Downloading the file spotprices_20190130_604329154527_ap-northeast-1.csv
[2019-02-10 19:46:34,621] {bash_operator.py:123} INFO - Downloading the file spotprices_20190130_604329154527_ap-northeast-2.csv
[2019-02-10 19:46:34,621] {bash_operator.py:123} INFO - Downloading the file spotprices_20190130_604329154527_eu-west-1.csv
[2019-02-10 19:46:38,300] {bash_operator.py:123} INFO - Downloading the file spotprices_20190130_604329154527_us-east-1.csv
[2019-02-10 19:46:38,300] {bash_operator.py:123} INFO - Downloading the file spotprices_20190130_604329154527_us-east-2.csv
[2019-02-10 19:46:38,300] {bash_operator.py:123} INFO - Downloading the file spotprices_20190130_604329154527_us-west-2.csv
[2019-02-10 19:46:38,300] {bash_operator.py:123} INFO - Downloading the file spotprices_20190131_604329154527_ap-northeast-1.csv
[2019-02-10 19:46:38,300] {bash_operator.py:123} INFO - Downloading the file spotprices_20190131_604329154527_ap-northeast-2.csv
[2019-02-10 19:46:38,300] {bash_operator.py:123} INFO - Downloading the file spotprices_20190131_604329154527_eu-west-1.csv
[2019-02-10 19:46:38,301] {bash_operator.py:123} INFO - Downloading the file spotprices_20190131_604329154527_us-east-1.csv
[2019-02-10 19:46:38,301] {bash_operator.py:123} INFO - Downloading the file spotprices_20190131_604329154527_us-east-2.csv
[2019-02-10 19:46:38,301] {bash_operator.py:123} INFO - Downloading the file spotprices_20190131_604329154527_us-west-2.csv
[2019-02-10 19:46:38,301] {bash_operator.py:123} INFO - Downloading the file spotprices_20190201_604329154527_ap-northeast-1.csv
[2019-02-10 19:46:38,301] {bash_operator.py:123} INFO - Downloading the file spotprices_20190201_604329154527_ap-northeast-2.csv
[2019-02-10 19:46:38,301] {bash_operator.py:123} INFO - Downloading the file spotprices_20190201_604329154527_eu-west-1.csv
[2019-02-10 19:46:38,301] {bash_operator.py:123} INFO - Downloading the file spotprices_20190201_604329154527_us-east-1.csv
[2019-02-10 19:46:38,301] {bash_operator.py:123} INFO - Downloading the file spotprices_20190201_604329154527_us-east-2.csv
[2019-02-10 19:46:38,301] {bash_operator.py:123} INFO - Downloading the file spotprices_20190201_604329154527_us-west-2.csv
[2019-02-10 19:46:38,301] {bash_operator.py:123} INFO - Downloading the file spotprices_20190202_604329154527_ap-northeast-1.csv
[2019-02-10 19:46:38,301] {bash_operator.py:123} INFO - Downloading the file spotprices_20190202_604329154527_ap-northeast-2.csv
[2019-02-10 19:46:38,301] {bash_operator.py:123} INFO - Downloading the file spotprices_20190202_604329154527_eu-west-1.csv
[2019-02-10 19:46:38,301] {bash_operator.py:123} INFO - Downloading the file spotprices_20190202_604329154527_us-east-1.csv
[2019-02-10 19:46:38,301] {bash_operator.py:123} INFO - Downloading the file spotprices_20190202_604329154527_us-east-2.csv
[2019-02-10 19:46:38,301] {bash_operator.py:123} INFO - Downloading the file spotprices_20190202_604329154527_us-west-2.csv
[2019-02-10 19:46:38,301] {bash_operator.py:123} INFO - Downloading the file spotprices_20190203_604329154527_ap-northeast-1.csv
[2019-02-10 19:46:38,301] {bash_operator.py:123} INFO - Downloading the file spotprices_20190203_604329154527_ap-northeast-2.csv
[2019-02-10 19:46:38,301] {bash_operator.py:123} INFO - Downloading the file spotprices_20190203_604329154527_eu-west-1.csv
[2019-02-10 19:46:38,301] {bash_operator.py:123} INFO - Downloading the file spotprices_20190203_604329154527_us-east-1.csv
[2019-02-10 19:46:38,301] {bash_operator.py:123} INFO - Downloading the file spotprices_20190203_604329154527_us-east-2.csv
[2019-02-10 19:46:38,301] {bash_operator.py:123} INFO - Downloading the file spotprices_20190203_604329154527_us-west-2.csv
[2019-02-10 19:46:38,301] {bash_operator.py:123} INFO - Downloading the file spotprices_20190204_604329154527_ap-northeast-1.csv
[2019-02-10 19:46:38,301] {bash_operator.py:123} INFO - Downloading the file spotprices_20190204_604329154527_ap-northeast-2.csv
[2019-02-10 19:46:38,301] {bash_operator.py:123} INFO - Downloading the file spotprices_20190204_604329154527_eu-west-1.csv
[2019-02-10 19:46:38,301] {bash_operator.py:123} INFO - Downloading the file spotprices_20190204_604329154527_us-east-1.csv
[2019-02-10 19:46:38,301] {bash_operator.py:123} INFO - Downloading the file spotprices_20190204_604329154527_us-east-2.csv
[2019-02-10 19:46:38,302] {bash_operator.py:123} INFO - Downloading the file spotprices_20190204_604329154527_us-west-2.csv
[2019-02-10 19:46:38,302] {bash_operator.py:123} INFO - Downloading the file spotprices_20190205_604329154527_ap-northeast-1.csv
[2019-02-10 19:46:38,302] {bash_operator.py:123} INFO - Downloading the file spotprices_20190205_604329154527_ap-northeast-2.csv
[2019-02-10 19:46:38,302] {bash_operator.py:123} INFO - Downloading the file spotprices_20190205_604329154527_eu-west-1.csv
[2019-02-10 19:46:38,302] {bash_operator.py:123} INFO - Downloading the file spotprices_20190205_604329154527_us-east-1.csv
[2019-02-10 19:46:38,302] {bash_operator.py:123} INFO - Downloading the file spotprices_20190205_604329154527_us-east-2.csv
[2019-02-10 19:46:38,302] {bash_operator.py:123} INFO - Downloading the file spotprices_20190205_604329154527_us-west-2.csv
[2019-02-10 19:46:38,302] {bash_operator.py:123} INFO - Downloading the file spotprices_20190206_604329154527_ap-northeast-1.csv
[2019-02-10 19:46:38,302] {bash_operator.py:123} INFO - Downloading the file spotprices_20190206_604329154527_ap-northeast-2.csv
[2019-02-10 19:46:38,302] {bash_operator.py:123} INFO - Downloading the file spotprices_20190206_604329154527_eu-west-1.csv
[2019-02-10 19:46:38,302] {bash_operator.py:123} INFO - Downloading the file spotprices_20190206_604329154527_us-east-1.csv
[2019-02-10 19:46:38,302] {bash_operator.py:123} INFO - Downloading the file spotprices_20190206_604329154527_us-east-2.csv
[2019-02-10 19:46:38,302] {bash_operator.py:123} INFO - Downloading the file spotprices_20190206_604329154527_us-west-2.csv
[2019-02-10 19:46:38,302] {bash_operator.py:123} INFO - Downloading the file spotprices_20190207_604329154527_ap-northeast-1.csv
[2019-02-10 19:46:38,302] {bash_operator.py:123} INFO - Downloading the file spotprices_20190207_604329154527_ap-northeast-2.csv
[2019-02-10 19:46:38,302] {bash_operator.py:123} INFO - Downloading the file spotprices_20190207_604329154527_eu-west-1.csv
[2019-02-10 19:46:38,302] {bash_operator.py:123} INFO - Downloading the file spotprices_20190207_604329154527_us-east-1.csv
[2019-02-10 19:46:38,302] {bash_operator.py:123} INFO - Downloading the file spotprices_20190207_604329154527_us-east-2.csv
[2019-02-10 19:46:38,302] {bash_operator.py:123} INFO - Downloading the file spotprices_20190207_604329154527_us-west-2.csv
[2019-02-10 19:46:38,302] {bash_operator.py:123} INFO - Downloading the file spotprices_20190208_604329154527_ap-northeast-1.csv
[2019-02-10 19:46:38,302] {bash_operator.py:123} INFO - Downloading the file spotprices_20190208_604329154527_ap-northeast-2.csv
[2019-02-10 19:46:38,302] {bash_operator.py:123} INFO - Downloading the file spotprices_20190208_604329154527_eu-west-1.csv
[2019-02-10 19:46:38,302] {bash_operator.py:123} INFO - Downloading the file spotprices_20190208_604329154527_us-east-1.csv
[2019-02-10 19:46:38,302] {bash_operator.py:123} INFO - Downloading the file spotprices_20190208_604329154527_us-east-2.csv
[2019-02-10 19:46:38,302] {bash_operator.py:123} INFO - Downloading the file spotprices_20190208_604329154527_us-west-2.csv
[2019-02-10 19:46:38,302] {bash_operator.py:123} INFO - Downloading the file spotprices_20190209_604329154527_ap-northeast-1.csv
[2019-02-10 19:46:38,302] {bash_operator.py:123} INFO - Downloading the file spotprices_20190209_604329154527_ap-northeast-2.csv
[2019-02-10 19:46:38,302] {bash_operator.py:123} INFO - Downloading the file spotprices_20190209_604329154527_eu-west-1.csv
[2019-02-10 19:46:38,303] {bash_operator.py:123} INFO - Downloading the file spotprices_20190209_604329154527_us-east-1.csv
[2019-02-10 19:46:38,303] {bash_operator.py:123} INFO - Downloading the file spotprices_20190209_604329154527_us-east-2.csv
[2019-02-10 19:46:38,303] {bash_operator.py:123} INFO - Downloading the file spotprices_20190209_604329154527_us-west-2.csv
[2019-02-10 19:46:38,403] {bash_operator.py:127} INFO - Command exited with return code 0
[2019-02-10 19:46:42,333] {logging_mixin.py:95} INFO - [2019-02-10 19:46:42,333] {jobs.py:2527} INFO - Task exited with return code 0
