[2019-02-10 19:57:47,886] {models.py:1359} INFO - Dependencies all met for <TaskInstance: Rescale.Data_to_SQL 2015-07-10T00:00:00+00:00 [queued]>
[2019-02-10 19:57:47,890] {models.py:1359} INFO - Dependencies all met for <TaskInstance: Rescale.Data_to_SQL 2015-07-10T00:00:00+00:00 [queued]>
[2019-02-10 19:57:47,890] {models.py:1571} INFO - 
--------------------------------------------------------------------------------
Starting attempt 1 of 2
--------------------------------------------------------------------------------

[2019-02-10 19:57:47,898] {models.py:1593} INFO - Executing <Task(BashOperator): Data_to_SQL> on 2015-07-10T00:00:00+00:00
[2019-02-10 19:57:47,898] {base_task_runner.py:118} INFO - Running: ['bash', '-c', 'airflow run Rescale Data_to_SQL 2015-07-10T00:00:00+00:00 --job_id 135 --raw -sd DAGS_FOLDER/rs-pipeline1.py --cfg_path /tmp/tmpcpvhyfjz']
[2019-02-10 19:57:48,424] {base_task_runner.py:101} INFO - Job 135: Subtask Data_to_SQL [2019-02-10 19:57:48,424] {__init__.py:51} INFO - Using executor SequentialExecutor
[2019-02-10 19:57:48,573] {base_task_runner.py:101} INFO - Job 135: Subtask Data_to_SQL [2019-02-10 19:57:48,573] {models.py:273} INFO - Filling up the DagBag from /home/ec2-user/airflow/dags/rs-pipeline1.py
[2019-02-10 19:57:48,585] {base_task_runner.py:101} INFO - Job 135: Subtask Data_to_SQL [2019-02-10 19:57:48,585] {cli.py:520} INFO - Running <TaskInstance: Rescale.Data_to_SQL 2015-07-10T00:00:00+00:00 [running]> on host ip-172-31-15-235.us-east-2.compute.internal
[2019-02-10 19:57:48,596] {bash_operator.py:77} INFO - Tmp dir root location: 
 /tmp
[2019-02-10 19:57:48,597] {bash_operator.py:86} INFO - Exporting the following env vars:
AIRFLOW_CTX_DAG_ID=Rescale
AIRFLOW_CTX_TASK_ID=Data_to_SQL
AIRFLOW_CTX_EXECUTION_DATE=2015-07-10T00:00:00+00:00
AIRFLOW_CTX_DAG_RUN_ID=scheduled__2015-07-10T00:00:00+00:00
[2019-02-10 19:57:48,597] {bash_operator.py:100} INFO - Temporary script location: /tmp/airflowtmp9inswvx7/Data_to_SQL6ymbxd2m
[2019-02-10 19:57:48,597] {bash_operator.py:110} INFO - Running command: /home/ec2-user/insert_to_sql.sh 
[2019-02-10 19:57:48,600] {bash_operator.py:119} INFO - Output:
[2019-02-10 19:57:53,586] {bash_operator.py:127} INFO - Command exited with return code 0
[2019-02-10 19:57:57,894] {logging_mixin.py:95} INFO - [2019-02-10 19:57:57,893] {jobs.py:2527} INFO - Task exited with return code 0
