[2019-02-10 19:16:45,843] {models.py:1359} INFO - Dependencies all met for <TaskInstance: Rescale.Ingestion_from_S3 2015-06-13T00:00:00+00:00 [queued]>
[2019-02-10 19:16:45,845] {models.py:1359} INFO - Dependencies all met for <TaskInstance: Rescale.Ingestion_from_S3 2015-06-13T00:00:00+00:00 [queued]>
[2019-02-10 19:16:45,845] {models.py:1571} INFO - 
--------------------------------------------------------------------------------
Starting attempt 1 of 2
--------------------------------------------------------------------------------

[2019-02-10 19:16:45,853] {models.py:1593} INFO - Executing <Task(BashOperator): Ingestion_from_S3> on 2015-06-13T00:00:00+00:00
[2019-02-10 19:16:45,854] {base_task_runner.py:118} INFO - Running: ['bash', '-c', 'airflow run Rescale Ingestion_from_S3 2015-06-13T00:00:00+00:00 --job_id 50 --raw -sd DAGS_FOLDER/rs-pipeline1.py --cfg_path /tmp/tmpq4kurmz9']
[2019-02-10 19:16:46,381] {base_task_runner.py:101} INFO - Job 50: Subtask Ingestion_from_S3 [2019-02-10 19:16:46,381] {__init__.py:51} INFO - Using executor SequentialExecutor
[2019-02-10 19:16:46,532] {base_task_runner.py:101} INFO - Job 50: Subtask Ingestion_from_S3 [2019-02-10 19:16:46,532] {models.py:273} INFO - Filling up the DagBag from /home/ec2-user/airflow/dags/rs-pipeline1.py
[2019-02-10 19:16:46,545] {base_task_runner.py:101} INFO - Job 50: Subtask Ingestion_from_S3 [2019-02-10 19:16:46,545] {cli.py:520} INFO - Running <TaskInstance: Rescale.Ingestion_from_S3 2015-06-13T00:00:00+00:00 [running]> on host ip-172-31-15-235.us-east-2.compute.internal
[2019-02-10 19:16:46,555] {bash_operator.py:77} INFO - Tmp dir root location: 
 /tmp
[2019-02-10 19:16:46,555] {bash_operator.py:86} INFO - Exporting the following env vars:
AIRFLOW_CTX_DAG_ID=Rescale
AIRFLOW_CTX_TASK_ID=Ingestion_from_S3
AIRFLOW_CTX_EXECUTION_DATE=2015-06-13T00:00:00+00:00
AIRFLOW_CTX_DAG_RUN_ID=scheduled__2015-06-13T00:00:00+00:00
[2019-02-10 19:16:46,556] {bash_operator.py:100} INFO - Temporary script location: /tmp/airflowtmp0yk9povz/Ingestion_from_S3zc_7ky97
[2019-02-10 19:16:46,556] {bash_operator.py:110} INFO - Running command: python /home/ec2-user/get_s3data.py
[2019-02-10 19:16:46,558] {bash_operator.py:119} INFO - Output:
[2019-02-10 19:16:47,705] {bash_operator.py:127} INFO - Command exited with return code 0
[2019-02-10 19:16:50,848] {logging_mixin.py:95} INFO - [2019-02-10 19:16:50,848] {jobs.py:2527} INFO - Task exited with return code 0
