[2019-02-10 19:41:54,324] {models.py:1359} INFO - Dependencies all met for <TaskInstance: Rescale.Ingestion_from_S3 2015-07-01T00:00:00+00:00 [queued]>
[2019-02-10 19:41:54,325] {models.py:1359} INFO - Dependencies all met for <TaskInstance: Rescale.Ingestion_from_S3 2015-07-01T00:00:00+00:00 [queued]>
[2019-02-10 19:41:54,325] {models.py:1571} INFO - 
--------------------------------------------------------------------------------
Starting attempt 1 of 2
--------------------------------------------------------------------------------

[2019-02-10 19:41:54,334] {models.py:1593} INFO - Executing <Task(BashOperator): Ingestion_from_S3> on 2015-07-01T00:00:00+00:00
[2019-02-10 19:41:54,334] {base_task_runner.py:118} INFO - Running: ['bash', '-c', 'airflow run Rescale Ingestion_from_S3 2015-07-01T00:00:00+00:00 --job_id 113 --raw -sd DAGS_FOLDER/rs-pipeline1.py --cfg_path /tmp/tmprkibebxq']
[2019-02-10 19:41:54,873] {base_task_runner.py:101} INFO - Job 113: Subtask Ingestion_from_S3 [2019-02-10 19:41:54,873] {__init__.py:51} INFO - Using executor SequentialExecutor
[2019-02-10 19:41:55,026] {base_task_runner.py:101} INFO - Job 113: Subtask Ingestion_from_S3 [2019-02-10 19:41:55,025] {models.py:273} INFO - Filling up the DagBag from /home/ec2-user/airflow/dags/rs-pipeline1.py
[2019-02-10 19:41:55,038] {base_task_runner.py:101} INFO - Job 113: Subtask Ingestion_from_S3 [2019-02-10 19:41:55,038] {cli.py:520} INFO - Running <TaskInstance: Rescale.Ingestion_from_S3 2015-07-01T00:00:00+00:00 [running]> on host ip-172-31-15-235.us-east-2.compute.internal
[2019-02-10 19:41:55,050] {bash_operator.py:77} INFO - Tmp dir root location: 
 /tmp
[2019-02-10 19:41:55,050] {bash_operator.py:86} INFO - Exporting the following env vars:
AIRFLOW_CTX_DAG_ID=Rescale
AIRFLOW_CTX_TASK_ID=Ingestion_from_S3
AIRFLOW_CTX_EXECUTION_DATE=2015-07-01T00:00:00+00:00
AIRFLOW_CTX_DAG_RUN_ID=scheduled__2015-07-01T00:00:00+00:00
[2019-02-10 19:41:55,050] {bash_operator.py:100} INFO - Temporary script location: /tmp/airflowtmpgkvc3vwx/Ingestion_from_S3bktq7y1f
[2019-02-10 19:41:55,050] {bash_operator.py:110} INFO - Running command: python /home/ec2-user/get_s3data.py
[2019-02-10 19:41:55,059] {bash_operator.py:119} INFO - Output:
[2019-02-10 19:42:04,948] {bash_operator.py:123} INFO - Downloading the file spotprices_20181113_604329154527_ap-northeast-1.csv
[2019-02-10 19:42:04,948] {bash_operator.py:123} INFO - Downloading the file spotprices_20181113_604329154527_ap-northeast-2.csv
[2019-02-10 19:42:04,948] {bash_operator.py:123} INFO - Downloading the file spotprices_20181113_604329154527_eu-west-1.csv
[2019-02-10 19:42:04,949] {bash_operator.py:123} INFO - Downloading the file spotprices_20181113_604329154527_us-east-1.csv
[2019-02-10 19:42:04,949] {bash_operator.py:123} INFO - Downloading the file spotprices_20181113_604329154527_us-east-2.csv
[2019-02-10 19:42:04,949] {bash_operator.py:123} INFO - Downloading the file spotprices_20181113_604329154527_us-west-2.csv
[2019-02-10 19:42:04,949] {bash_operator.py:123} INFO - Downloading the file spotprices_20181114_604329154527_ap-northeast-1.csv
[2019-02-10 19:42:04,949] {bash_operator.py:123} INFO - Downloading the file spotprices_20181114_604329154527_ap-northeast-2.csv
[2019-02-10 19:42:04,949] {bash_operator.py:123} INFO - Downloading the file spotprices_20181114_604329154527_eu-west-1.csv
[2019-02-10 19:42:04,949] {bash_operator.py:123} INFO - Downloading the file spotprices_20181114_604329154527_us-east-1.csv
[2019-02-10 19:42:04,949] {bash_operator.py:123} INFO - Downloading the file spotprices_20181114_604329154527_us-east-2.csv
[2019-02-10 19:42:04,949] {bash_operator.py:123} INFO - Downloading the file spotprices_20181114_604329154527_us-west-2.csv
[2019-02-10 19:42:04,949] {bash_operator.py:123} INFO - Downloading the file spotprices_20181115_604329154527_ap-northeast-1.csv
[2019-02-10 19:42:04,949] {bash_operator.py:123} INFO - Downloading the file spotprices_20181115_604329154527_ap-northeast-2.csv
[2019-02-10 19:42:04,949] {bash_operator.py:123} INFO - Downloading the file spotprices_20181115_604329154527_eu-west-1.csv
[2019-02-10 19:42:04,949] {bash_operator.py:123} INFO - Downloading the file spotprices_20181115_604329154527_us-east-1.csv
[2019-02-10 19:42:04,949] {bash_operator.py:123} INFO - Downloading the file spotprices_20181115_604329154527_us-east-2.csv
[2019-02-10 19:42:04,949] {bash_operator.py:123} INFO - Downloading the file spotprices_20181115_604329154527_us-west-2.csv
[2019-02-10 19:42:04,949] {bash_operator.py:123} INFO - Downloading the file spotprices_20181116_604329154527_ap-northeast-1.csv
[2019-02-10 19:42:04,949] {bash_operator.py:123} INFO - Downloading the file spotprices_20181116_604329154527_ap-northeast-2.csv
[2019-02-10 19:42:04,949] {bash_operator.py:123} INFO - Downloading the file spotprices_20181116_604329154527_eu-west-1.csv
[2019-02-10 19:42:04,949] {bash_operator.py:123} INFO - Downloading the file spotprices_20181116_604329154527_us-east-1.csv
[2019-02-10 19:42:04,949] {bash_operator.py:123} INFO - Downloading the file spotprices_20181116_604329154527_us-east-2.csv
[2019-02-10 19:42:04,949] {bash_operator.py:123} INFO - Downloading the file spotprices_20181116_604329154527_us-west-2.csv
[2019-02-10 19:42:04,949] {bash_operator.py:123} INFO - Downloading the file spotprices_20181117_604329154527_ap-northeast-1.csv
[2019-02-10 19:42:04,949] {bash_operator.py:123} INFO - Downloading the file spotprices_20181117_604329154527_ap-northeast-2.csv
[2019-02-10 19:42:04,949] {bash_operator.py:123} INFO - Downloading the file spotprices_20181117_604329154527_eu-west-1.csv
[2019-02-10 19:42:04,949] {bash_operator.py:123} INFO - Downloading the file spotprices_20181117_604329154527_us-east-1.csv
[2019-02-10 19:42:04,949] {bash_operator.py:123} INFO - Downloading the file spotprices_20181117_604329154527_us-east-2.csv
[2019-02-10 19:42:04,950] {bash_operator.py:123} INFO - Downloading the file spotprices_20181117_604329154527_us-west-2.csv
[2019-02-10 19:42:04,950] {bash_operator.py:123} INFO - Downloading the file spotprices_20181118_604329154527_ap-northeast-1.csv
[2019-02-10 19:42:04,950] {bash_operator.py:123} INFO - Downloading the file spotprices_20181118_604329154527_ap-northeast-2.csv
[2019-02-10 19:42:04,950] {bash_operator.py:123} INFO - Downloading the file spotprices_20181118_604329154527_eu-west-1.csv
[2019-02-10 19:42:04,950] {bash_operator.py:123} INFO - Downloading the file spotprices_20181118_604329154527_us-east-1.csv
[2019-02-10 19:42:04,950] {bash_operator.py:123} INFO - Downloading the file spotprices_20181118_604329154527_us-east-2.csv
[2019-02-10 19:42:04,950] {bash_operator.py:123} INFO - Downloading the file spotprices_20181118_604329154527_us-west-2.csv
[2019-02-10 19:42:04,950] {bash_operator.py:123} INFO - Downloading the file spotprices_20181119_604329154527_ap-northeast-1.csv
[2019-02-10 19:42:04,950] {bash_operator.py:123} INFO - Downloading the file spotprices_20181119_604329154527_ap-northeast-2.csv
[2019-02-10 19:42:04,950] {bash_operator.py:123} INFO - Downloading the file spotprices_20181119_604329154527_eu-west-1.csv
[2019-02-10 19:42:04,950] {bash_operator.py:123} INFO - Downloading the file spotprices_20181119_604329154527_us-east-1.csv
[2019-02-10 19:42:04,950] {bash_operator.py:123} INFO - Downloading the file spotprices_20181119_604329154527_us-east-2.csv
[2019-02-10 19:42:04,950] {bash_operator.py:123} INFO - Downloading the file spotprices_20181119_604329154527_us-west-2.csv
[2019-02-10 19:42:04,950] {bash_operator.py:123} INFO - Downloading the file spotprices_20181120_604329154527_ap-northeast-1.csv
[2019-02-10 19:42:04,950] {bash_operator.py:123} INFO - Downloading the file spotprices_20181120_604329154527_ap-northeast-2.csv
[2019-02-10 19:42:04,950] {bash_operator.py:123} INFO - Downloading the file spotprices_20181120_604329154527_eu-west-1.csv
[2019-02-10 19:42:04,950] {bash_operator.py:123} INFO - Downloading the file spotprices_20181120_604329154527_us-east-1.csv
[2019-02-10 19:42:04,950] {bash_operator.py:123} INFO - Downloading the file spotprices_20181120_604329154527_us-east-2.csv
[2019-02-10 19:42:04,950] {bash_operator.py:123} INFO - Downloading the file spotprices_20181120_604329154527_us-west-2.csv
[2019-02-10 19:42:04,950] {bash_operator.py:123} INFO - Downloading the file spotprices_20181121_604329154527_ap-northeast-1.csv
[2019-02-10 19:42:04,950] {bash_operator.py:123} INFO - Downloading the file spotprices_20181121_604329154527_ap-northeast-2.csv
[2019-02-10 19:42:04,950] {bash_operator.py:123} INFO - Downloading the file spotprices_20181121_604329154527_eu-west-1.csv
[2019-02-10 19:42:04,950] {bash_operator.py:123} INFO - Downloading the file spotprices_20181121_604329154527_us-east-1.csv
[2019-02-10 19:42:04,950] {bash_operator.py:123} INFO - Downloading the file spotprices_20181121_604329154527_us-east-2.csv
[2019-02-10 19:42:04,950] {bash_operator.py:123} INFO - Downloading the file spotprices_20181121_604329154527_us-west-2.csv
[2019-02-10 19:42:04,950] {bash_operator.py:123} INFO - Downloading the file spotprices_20181122_604329154527_ap-northeast-1.csv
[2019-02-10 19:42:04,951] {bash_operator.py:123} INFO - Downloading the file spotprices_20181122_604329154527_ap-northeast-2.csv
[2019-02-10 19:42:04,951] {bash_operator.py:123} INFO - Downloading the file spotprices_20181122_604329154527_eu-west-1.csv
[2019-02-10 19:42:04,951] {bash_operator.py:123} INFO - Downloading the file spotprices_20181122_604329154527_us-east-1.csv
[2019-02-10 19:42:04,951] {bash_operator.py:123} INFO - Downloading the file spotprices_20181122_604329154527_us-east-2.csv
[2019-02-10 19:42:04,951] {bash_operator.py:123} INFO - Downloading the file spotprices_20181122_604329154527_us-west-2.csv
[2019-02-10 19:42:04,951] {bash_operator.py:123} INFO - Downloading the file spotprices_20181123_604329154527_ap-northeast-1.csv
[2019-02-10 19:42:04,951] {bash_operator.py:123} INFO - Downloading the file spotprices_20181123_604329154527_ap-northeast-2.csv
[2019-02-10 19:42:04,951] {bash_operator.py:123} INFO - Downloading the file spotprices_20181123_604329154527_eu-west-1.csv
[2019-02-10 19:42:04,951] {bash_operator.py:123} INFO - Downloading the file spotprices_20181123_604329154527_us-east-1.csv
[2019-02-10 19:42:04,951] {bash_operator.py:123} INFO - Downloading the file spotprices_20181123_604329154527_us-east-2.csv
[2019-02-10 19:42:04,951] {bash_operator.py:123} INFO - Downloading the file spotprices_20181123_604329154527_us-west-2.csv
[2019-02-10 19:42:04,951] {bash_operator.py:123} INFO - Downloading the file spotprices_20181124_604329154527_ap-northeast-1.csv
[2019-02-10 19:42:04,951] {bash_operator.py:123} INFO - Downloading the file spotprices_20181124_604329154527_ap-northeast-2.csv
[2019-02-10 19:42:04,951] {bash_operator.py:123} INFO - Downloading the file spotprices_20181124_604329154527_eu-west-1.csv
[2019-02-10 19:42:04,951] {bash_operator.py:123} INFO - Downloading the file spotprices_20181124_604329154527_us-east-1.csv
[2019-02-10 19:42:04,951] {bash_operator.py:123} INFO - Downloading the file spotprices_20181124_604329154527_us-east-2.csv
[2019-02-10 19:42:04,951] {bash_operator.py:123} INFO - Downloading the file spotprices_20181124_604329154527_us-west-2.csv
[2019-02-10 19:42:04,951] {bash_operator.py:123} INFO - Downloading the file spotprices_20181125_604329154527_ap-northeast-1.csv
[2019-02-10 19:42:04,951] {bash_operator.py:123} INFO - Downloading the file spotprices_20181125_604329154527_ap-northeast-2.csv
[2019-02-10 19:42:04,951] {bash_operator.py:123} INFO - Downloading the file spotprices_20181125_604329154527_eu-west-1.csv
[2019-02-10 19:42:04,951] {bash_operator.py:123} INFO - Downloading the file spotprices_20181125_604329154527_us-east-1.csv
[2019-02-10 19:42:04,952] {bash_operator.py:123} INFO - Downloading the file spotprices_20181125_604329154527_us-east-2.csv
[2019-02-10 19:42:04,952] {bash_operator.py:123} INFO - Downloading the file spotprices_20181125_604329154527_us-west-2.csv
[2019-02-10 19:42:04,952] {bash_operator.py:123} INFO - Downloading the file spotprices_20181126_604329154527_ap-northeast-1.csv
[2019-02-10 19:42:04,952] {bash_operator.py:123} INFO - Downloading the file spotprices_20181126_604329154527_ap-northeast-2.csv
[2019-02-10 19:42:04,952] {bash_operator.py:123} INFO - Downloading the file spotprices_20181126_604329154527_eu-west-1.csv
[2019-02-10 19:42:04,952] {bash_operator.py:123} INFO - Downloading the file spotprices_20181126_604329154527_us-east-1.csv
[2019-02-10 19:42:04,952] {bash_operator.py:123} INFO - Downloading the file spotprices_20181126_604329154527_us-east-2.csv
[2019-02-10 19:42:04,952] {bash_operator.py:123} INFO - Downloading the file spotprices_20181126_604329154527_us-west-2.csv
[2019-02-10 19:42:04,952] {bash_operator.py:123} INFO - Downloading the file spotprices_20181127_604329154527_ap-northeast-1.csv
[2019-02-10 19:42:04,952] {bash_operator.py:123} INFO - Downloading the file spotprices_20181127_604329154527_ap-northeast-2.csv
[2019-02-10 19:42:04,952] {bash_operator.py:123} INFO - Downloading the file spotprices_20181127_604329154527_eu-west-1.csv
[2019-02-10 19:42:04,952] {bash_operator.py:123} INFO - Downloading the file spotprices_20181127_604329154527_us-east-1.csv
[2019-02-10 19:42:04,952] {bash_operator.py:123} INFO - Downloading the file spotprices_20181127_604329154527_us-east-2.csv
[2019-02-10 19:42:04,952] {bash_operator.py:123} INFO - Downloading the file spotprices_20181127_604329154527_us-west-2.csv
[2019-02-10 19:42:04,952] {bash_operator.py:123} INFO - Downloading the file spotprices_20181128_604329154527_ap-northeast-1.csv
[2019-02-10 19:42:04,952] {bash_operator.py:123} INFO - Downloading the file spotprices_20181128_604329154527_ap-northeast-2.csv
[2019-02-10 19:42:04,952] {bash_operator.py:123} INFO - Downloading the file spotprices_20181128_604329154527_eu-west-1.csv
[2019-02-10 19:42:04,953] {bash_operator.py:123} INFO - Downloading the file spotprices_20181128_604329154527_us-east-1.csv
[2019-02-10 19:42:04,953] {bash_operator.py:123} INFO - Downloading the file spotprices_20181128_604329154527_us-east-2.csv
[2019-02-10 19:42:04,953] {bash_operator.py:123} INFO - Downloading the file spotprices_20181128_604329154527_us-west-2.csv
[2019-02-10 19:42:04,953] {bash_operator.py:123} INFO - Downloading the file spotprices_20181129_604329154527_ap-northeast-1.csv
[2019-02-10 19:42:04,953] {bash_operator.py:123} INFO - Downloading the file spotprices_20181129_604329154527_ap-northeast-2.csv
[2019-02-10 19:42:04,953] {bash_operator.py:123} INFO - Downloading the file spotprices_20181129_604329154527_eu-west-1.csv
[2019-02-10 19:42:04,953] {bash_operator.py:123} INFO - Downloading the file spotprices_20181129_604329154527_us-east-1.csv
[2019-02-10 19:42:04,953] {bash_operator.py:123} INFO - Downloading the file spotprices_20181129_604329154527_us-east-2.csv
[2019-02-10 19:42:04,953] {bash_operator.py:123} INFO - Downloading the file spotprices_20181129_604329154527_us-west-2.csv
[2019-02-10 19:42:04,953] {bash_operator.py:123} INFO - Downloading the file spotprices_20181130_604329154527_ap-northeast-1.csv
[2019-02-10 19:42:04,953] {bash_operator.py:123} INFO - Downloading the file spotprices_20181130_604329154527_ap-northeast-2.csv
[2019-02-10 19:42:04,953] {bash_operator.py:123} INFO - Downloading the file spotprices_20181130_604329154527_eu-west-1.csv
[2019-02-10 19:42:04,953] {bash_operator.py:123} INFO - Downloading the file spotprices_20181130_604329154527_us-east-1.csv
[2019-02-10 19:42:04,953] {bash_operator.py:123} INFO - Downloading the file spotprices_20181130_604329154527_us-east-2.csv
[2019-02-10 19:42:04,953] {bash_operator.py:123} INFO - Downloading the file spotprices_20181130_604329154527_us-west-2.csv
[2019-02-10 19:42:04,953] {bash_operator.py:123} INFO - Downloading the file spotprices_20181201_604329154527_ap-northeast-1.csv
[2019-02-10 19:42:04,953] {bash_operator.py:123} INFO - Downloading the file spotprices_20181201_604329154527_ap-northeast-2.csv
[2019-02-10 19:42:04,953] {bash_operator.py:123} INFO - Downloading the file spotprices_20181201_604329154527_eu-west-1.csv
[2019-02-10 19:42:04,953] {bash_operator.py:123} INFO - Downloading the file spotprices_20181201_604329154527_us-east-1.csv
[2019-02-10 19:42:04,953] {bash_operator.py:123} INFO - Downloading the file spotprices_20181201_604329154527_us-east-2.csv
[2019-02-10 19:42:04,953] {bash_operator.py:123} INFO - Downloading the file spotprices_20181201_604329154527_us-west-2.csv
[2019-02-10 19:42:04,953] {bash_operator.py:123} INFO - Downloading the file spotprices_20181202_604329154527_ap-northeast-1.csv
[2019-02-10 19:42:04,953] {bash_operator.py:123} INFO - Downloading the file spotprices_20181202_604329154527_ap-northeast-2.csv
[2019-02-10 19:42:04,953] {bash_operator.py:123} INFO - Downloading the file spotprices_20181202_604329154527_eu-west-1.csv
[2019-02-10 19:42:13,158] {bash_operator.py:123} INFO - Downloading the file spotprices_20181202_604329154527_us-east-1.csv
[2019-02-10 19:42:13,158] {bash_operator.py:123} INFO - Downloading the file spotprices_20181202_604329154527_us-east-2.csv
[2019-02-10 19:42:13,158] {bash_operator.py:123} INFO - Downloading the file spotprices_20181202_604329154527_us-west-2.csv
[2019-02-10 19:42:13,158] {bash_operator.py:123} INFO - Downloading the file spotprices_20181203_604329154527_ap-northeast-1.csv
[2019-02-10 19:42:13,158] {bash_operator.py:123} INFO - Downloading the file spotprices_20181203_604329154527_ap-northeast-2.csv
[2019-02-10 19:42:13,158] {bash_operator.py:123} INFO - Downloading the file spotprices_20181203_604329154527_eu-west-1.csv
[2019-02-10 19:42:13,158] {bash_operator.py:123} INFO - Downloading the file spotprices_20181203_604329154527_us-east-1.csv
[2019-02-10 19:42:13,158] {bash_operator.py:123} INFO - Downloading the file spotprices_20181203_604329154527_us-east-2.csv
[2019-02-10 19:42:13,158] {bash_operator.py:123} INFO - Downloading the file spotprices_20181203_604329154527_us-west-2.csv
[2019-02-10 19:42:13,158] {bash_operator.py:123} INFO - Downloading the file spotprices_20181204_604329154527_ap-northeast-1.csv
[2019-02-10 19:42:13,158] {bash_operator.py:123} INFO - Downloading the file spotprices_20181204_604329154527_ap-northeast-2.csv
[2019-02-10 19:42:13,158] {bash_operator.py:123} INFO - Downloading the file spotprices_20181204_604329154527_eu-west-1.csv
[2019-02-10 19:42:13,158] {bash_operator.py:123} INFO - Downloading the file spotprices_20181204_604329154527_us-east-1.csv
[2019-02-10 19:42:13,158] {bash_operator.py:123} INFO - Downloading the file spotprices_20181204_604329154527_us-east-2.csv
[2019-02-10 19:42:13,158] {bash_operator.py:123} INFO - Downloading the file spotprices_20181204_604329154527_us-west-2.csv
[2019-02-10 19:42:13,159] {bash_operator.py:123} INFO - Downloading the file spotprices_20181205_604329154527_ap-northeast-1.csv
[2019-02-10 19:42:13,159] {bash_operator.py:123} INFO - Downloading the file spotprices_20181205_604329154527_ap-northeast-2.csv
[2019-02-10 19:42:13,159] {bash_operator.py:123} INFO - Downloading the file spotprices_20181205_604329154527_eu-west-1.csv
[2019-02-10 19:42:13,159] {bash_operator.py:123} INFO - Downloading the file spotprices_20181205_604329154527_us-east-1.csv
[2019-02-10 19:42:13,159] {bash_operator.py:123} INFO - Downloading the file spotprices_20181205_604329154527_us-east-2.csv
[2019-02-10 19:42:13,159] {bash_operator.py:123} INFO - Downloading the file spotprices_20181205_604329154527_us-west-2.csv
[2019-02-10 19:42:13,159] {bash_operator.py:123} INFO - Downloading the file spotprices_20181206_604329154527_ap-northeast-1.csv
[2019-02-10 19:42:13,159] {bash_operator.py:123} INFO - Downloading the file spotprices_20181206_604329154527_ap-northeast-2.csv
[2019-02-10 19:42:13,159] {bash_operator.py:123} INFO - Downloading the file spotprices_20181206_604329154527_eu-west-1.csv
[2019-02-10 19:42:13,159] {bash_operator.py:123} INFO - Downloading the file spotprices_20181206_604329154527_us-east-1.csv
[2019-02-10 19:42:13,159] {bash_operator.py:123} INFO - Downloading the file spotprices_20181206_604329154527_us-east-2.csv
[2019-02-10 19:42:13,159] {bash_operator.py:123} INFO - Downloading the file spotprices_20181206_604329154527_us-west-2.csv
[2019-02-10 19:42:13,159] {bash_operator.py:123} INFO - Downloading the file spotprices_20181207_604329154527_ap-northeast-1.csv
[2019-02-10 19:42:13,159] {bash_operator.py:123} INFO - Downloading the file spotprices_20181207_604329154527_ap-northeast-2.csv
[2019-02-10 19:42:13,159] {bash_operator.py:123} INFO - Downloading the file spotprices_20181207_604329154527_eu-west-1.csv
[2019-02-10 19:42:13,159] {bash_operator.py:123} INFO - Downloading the file spotprices_20181207_604329154527_us-east-1.csv
[2019-02-10 19:42:13,159] {bash_operator.py:123} INFO - Downloading the file spotprices_20181207_604329154527_us-east-2.csv
[2019-02-10 19:42:13,159] {bash_operator.py:123} INFO - Downloading the file spotprices_20181207_604329154527_us-west-2.csv
[2019-02-10 19:42:13,159] {bash_operator.py:123} INFO - Downloading the file spotprices_20181208_604329154527_ap-northeast-1.csv
[2019-02-10 19:42:13,159] {bash_operator.py:123} INFO - Downloading the file spotprices_20181208_604329154527_ap-northeast-2.csv
[2019-02-10 19:42:13,159] {bash_operator.py:123} INFO - Downloading the file spotprices_20181208_604329154527_eu-west-1.csv
[2019-02-10 19:42:13,159] {bash_operator.py:123} INFO - Downloading the file spotprices_20181208_604329154527_us-east-1.csv
[2019-02-10 19:42:13,159] {bash_operator.py:123} INFO - Downloading the file spotprices_20181208_604329154527_us-east-2.csv
[2019-02-10 19:42:13,159] {bash_operator.py:123} INFO - Downloading the file spotprices_20181208_604329154527_us-west-2.csv
[2019-02-10 19:42:13,159] {bash_operator.py:123} INFO - Downloading the file spotprices_20181209_604329154527_ap-northeast-1.csv
[2019-02-10 19:42:13,160] {bash_operator.py:123} INFO - Downloading the file spotprices_20181209_604329154527_ap-northeast-2.csv
[2019-02-10 19:42:13,160] {bash_operator.py:123} INFO - Downloading the file spotprices_20181209_604329154527_eu-west-1.csv
[2019-02-10 19:42:13,160] {bash_operator.py:123} INFO - Downloading the file spotprices_20181209_604329154527_us-east-1.csv
[2019-02-10 19:42:13,160] {bash_operator.py:123} INFO - Downloading the file spotprices_20181209_604329154527_us-east-2.csv
[2019-02-10 19:42:13,160] {bash_operator.py:123} INFO - Downloading the file spotprices_20181209_604329154527_us-west-2.csv
[2019-02-10 19:42:13,160] {bash_operator.py:123} INFO - Downloading the file spotprices_20181210_604329154527_ap-northeast-1.csv
[2019-02-10 19:42:13,160] {bash_operator.py:123} INFO - Downloading the file spotprices_20181210_604329154527_ap-northeast-2.csv
[2019-02-10 19:42:13,160] {bash_operator.py:123} INFO - Downloading the file spotprices_20181210_604329154527_eu-west-1.csv
[2019-02-10 19:42:13,160] {bash_operator.py:123} INFO - Downloading the file spotprices_20181210_604329154527_us-east-1.csv
[2019-02-10 19:42:13,160] {bash_operator.py:123} INFO - Downloading the file spotprices_20181210_604329154527_us-east-2.csv
[2019-02-10 19:42:13,160] {bash_operator.py:123} INFO - Downloading the file spotprices_20181210_604329154527_us-west-2.csv
[2019-02-10 19:42:13,160] {bash_operator.py:123} INFO - Downloading the file spotprices_20181211_604329154527_ap-northeast-1.csv
[2019-02-10 19:42:13,160] {bash_operator.py:123} INFO - Downloading the file spotprices_20181211_604329154527_ap-northeast-2.csv
[2019-02-10 19:42:13,160] {bash_operator.py:123} INFO - Downloading the file spotprices_20181211_604329154527_eu-west-1.csv
[2019-02-10 19:42:13,160] {bash_operator.py:123} INFO - Downloading the file spotprices_20181211_604329154527_us-east-1.csv
[2019-02-10 19:42:13,160] {bash_operator.py:123} INFO - Downloading the file spotprices_20181211_604329154527_us-east-2.csv
[2019-02-10 19:42:13,160] {bash_operator.py:123} INFO - Downloading the file spotprices_20181211_604329154527_us-west-2.csv
[2019-02-10 19:42:13,160] {bash_operator.py:123} INFO - Downloading the file spotprices_20181212_604329154527_ap-northeast-1.csv
[2019-02-10 19:42:13,160] {bash_operator.py:123} INFO - Downloading the file spotprices_20181212_604329154527_ap-northeast-2.csv
[2019-02-10 19:42:13,160] {bash_operator.py:123} INFO - Downloading the file spotprices_20181212_604329154527_eu-west-1.csv
[2019-02-10 19:42:13,160] {bash_operator.py:123} INFO - Downloading the file spotprices_20181212_604329154527_us-east-1.csv
[2019-02-10 19:42:13,160] {bash_operator.py:123} INFO - Downloading the file spotprices_20181212_604329154527_us-east-2.csv
[2019-02-10 19:42:13,160] {bash_operator.py:123} INFO - Downloading the file spotprices_20181212_604329154527_us-west-2.csv
[2019-02-10 19:42:13,160] {bash_operator.py:123} INFO - Downloading the file spotprices_20181213_604329154527_ap-northeast-1.csv
[2019-02-10 19:42:13,160] {bash_operator.py:123} INFO - Downloading the file spotprices_20181213_604329154527_ap-northeast-2.csv
[2019-02-10 19:42:13,161] {bash_operator.py:123} INFO - Downloading the file spotprices_20181213_604329154527_eu-west-1.csv
[2019-02-10 19:42:13,161] {bash_operator.py:123} INFO - Downloading the file spotprices_20181213_604329154527_us-east-1.csv
[2019-02-10 19:42:13,161] {bash_operator.py:123} INFO - Downloading the file spotprices_20181213_604329154527_us-east-2.csv
[2019-02-10 19:42:13,161] {bash_operator.py:123} INFO - Downloading the file spotprices_20181213_604329154527_us-west-2.csv
[2019-02-10 19:42:13,161] {bash_operator.py:123} INFO - Downloading the file spotprices_20181214_604329154527_ap-northeast-1.csv
[2019-02-10 19:42:13,161] {bash_operator.py:123} INFO - Downloading the file spotprices_20181214_604329154527_ap-northeast-2.csv
[2019-02-10 19:42:13,161] {bash_operator.py:123} INFO - Downloading the file spotprices_20181214_604329154527_eu-west-1.csv
[2019-02-10 19:42:13,161] {bash_operator.py:123} INFO - Downloading the file spotprices_20181214_604329154527_us-east-1.csv
[2019-02-10 19:42:13,161] {bash_operator.py:123} INFO - Downloading the file spotprices_20181214_604329154527_us-east-2.csv
[2019-02-10 19:42:13,161] {bash_operator.py:123} INFO - Downloading the file spotprices_20181214_604329154527_us-west-2.csv
[2019-02-10 19:42:13,161] {bash_operator.py:123} INFO - Downloading the file spotprices_20181215_604329154527_ap-northeast-1.csv
[2019-02-10 19:42:13,161] {bash_operator.py:123} INFO - Downloading the file spotprices_20181215_604329154527_ap-northeast-2.csv
[2019-02-10 19:42:13,161] {bash_operator.py:123} INFO - Downloading the file spotprices_20181215_604329154527_eu-west-1.csv
[2019-02-10 19:42:13,161] {bash_operator.py:123} INFO - Downloading the file spotprices_20181215_604329154527_us-east-1.csv
[2019-02-10 19:42:13,161] {bash_operator.py:123} INFO - Downloading the file spotprices_20181215_604329154527_us-east-2.csv
[2019-02-10 19:42:13,161] {bash_operator.py:123} INFO - Downloading the file spotprices_20181215_604329154527_us-west-2.csv
[2019-02-10 19:42:13,161] {bash_operator.py:123} INFO - Downloading the file spotprices_20181216_604329154527_ap-northeast-1.csv
[2019-02-10 19:42:13,161] {bash_operator.py:123} INFO - Downloading the file spotprices_20181216_604329154527_ap-northeast-2.csv
[2019-02-10 19:42:13,161] {bash_operator.py:123} INFO - Downloading the file spotprices_20181216_604329154527_eu-west-1.csv
[2019-02-10 19:42:13,161] {bash_operator.py:123} INFO - Downloading the file spotprices_20181216_604329154527_us-east-1.csv
[2019-02-10 19:42:13,161] {bash_operator.py:123} INFO - Downloading the file spotprices_20181216_604329154527_us-east-2.csv
[2019-02-10 19:42:13,161] {bash_operator.py:123} INFO - Downloading the file spotprices_20181216_604329154527_us-west-2.csv
[2019-02-10 19:42:13,161] {bash_operator.py:123} INFO - Downloading the file spotprices_20181217_604329154527_ap-northeast-1.csv
[2019-02-10 19:42:13,161] {bash_operator.py:123} INFO - Downloading the file spotprices_20181217_604329154527_ap-northeast-2.csv
[2019-02-10 19:42:13,161] {bash_operator.py:123} INFO - Downloading the file spotprices_20181217_604329154527_eu-west-1.csv
[2019-02-10 19:42:13,161] {bash_operator.py:123} INFO - Downloading the file spotprices_20181217_604329154527_us-east-1.csv
[2019-02-10 19:42:13,161] {bash_operator.py:123} INFO - Downloading the file spotprices_20181217_604329154527_us-east-2.csv
[2019-02-10 19:42:13,162] {bash_operator.py:123} INFO - Downloading the file spotprices_20181217_604329154527_us-west-2.csv
[2019-02-10 19:42:13,162] {bash_operator.py:123} INFO - Downloading the file spotprices_20181218_604329154527_ap-northeast-1.csv
[2019-02-10 19:42:13,162] {bash_operator.py:123} INFO - Downloading the file spotprices_20181218_604329154527_ap-northeast-2.csv
[2019-02-10 19:42:13,162] {bash_operator.py:123} INFO - Downloading the file spotprices_20181218_604329154527_eu-west-1.csv
[2019-02-10 19:42:13,162] {bash_operator.py:123} INFO - Downloading the file spotprices_20181218_604329154527_us-east-1.csv
[2019-02-10 19:42:13,162] {bash_operator.py:123} INFO - Downloading the file spotprices_20181218_604329154527_us-east-2.csv
[2019-02-10 19:42:13,162] {bash_operator.py:123} INFO - Downloading the file spotprices_20181218_604329154527_us-west-2.csv
[2019-02-10 19:42:13,162] {bash_operator.py:123} INFO - Downloading the file spotprices_20181219_604329154527_ap-northeast-1.csv
[2019-02-10 19:42:13,162] {bash_operator.py:123} INFO - Downloading the file spotprices_20181219_604329154527_ap-northeast-2.csv
[2019-02-10 19:42:13,162] {bash_operator.py:123} INFO - Downloading the file spotprices_20181219_604329154527_eu-west-1.csv
[2019-02-10 19:42:13,162] {bash_operator.py:123} INFO - Downloading the file spotprices_20181219_604329154527_us-east-1.csv
[2019-02-10 19:42:13,162] {bash_operator.py:123} INFO - Downloading the file spotprices_20181219_604329154527_us-east-2.csv
[2019-02-10 19:42:13,162] {bash_operator.py:123} INFO - Downloading the file spotprices_20181219_604329154527_us-west-2.csv
[2019-02-10 19:42:13,162] {bash_operator.py:123} INFO - Downloading the file spotprices_20181220_604329154527_ap-northeast-1.csv
[2019-02-10 19:42:13,162] {bash_operator.py:123} INFO - Downloading the file spotprices_20181220_604329154527_ap-northeast-2.csv
[2019-02-10 19:42:13,162] {bash_operator.py:123} INFO - Downloading the file spotprices_20181220_604329154527_eu-west-1.csv
[2019-02-10 19:42:13,162] {bash_operator.py:123} INFO - Downloading the file spotprices_20181220_604329154527_us-east-1.csv
[2019-02-10 19:42:13,162] {bash_operator.py:123} INFO - Downloading the file spotprices_20181220_604329154527_us-east-2.csv
[2019-02-10 19:42:13,162] {bash_operator.py:123} INFO - Downloading the file spotprices_20181220_604329154527_us-west-2.csv
[2019-02-10 19:42:13,162] {bash_operator.py:123} INFO - Downloading the file spotprices_20181221_604329154527_ap-northeast-1.csv
[2019-02-10 19:42:13,162] {bash_operator.py:123} INFO - Downloading the file spotprices_20181221_604329154527_ap-northeast-2.csv
[2019-02-10 19:42:13,162] {bash_operator.py:123} INFO - Downloading the file spotprices_20181221_604329154527_eu-west-1.csv
[2019-02-10 19:42:13,162] {bash_operator.py:123} INFO - Downloading the file spotprices_20181221_604329154527_us-east-1.csv
[2019-02-10 19:42:13,162] {bash_operator.py:123} INFO - Downloading the file spotprices_20181221_604329154527_us-east-2.csv
[2019-02-10 19:42:13,162] {bash_operator.py:123} INFO - Downloading the file spotprices_20181221_604329154527_us-west-2.csv
[2019-02-10 19:42:13,162] {bash_operator.py:123} INFO - Downloading the file spotprices_20181222_604329154527_ap-northeast-1.csv
[2019-02-10 19:42:21,482] {bash_operator.py:123} INFO - Downloading the file spotprices_20181222_604329154527_ap-northeast-2.csv
[2019-02-10 19:42:21,482] {bash_operator.py:123} INFO - Downloading the file spotprices_20181222_604329154527_eu-west-1.csv
[2019-02-10 19:42:21,482] {bash_operator.py:123} INFO - Downloading the file spotprices_20181222_604329154527_us-east-1.csv
[2019-02-10 19:42:21,482] {bash_operator.py:123} INFO - Downloading the file spotprices_20181222_604329154527_us-east-2.csv
[2019-02-10 19:42:21,482] {bash_operator.py:123} INFO - Downloading the file spotprices_20181222_604329154527_us-west-2.csv
[2019-02-10 19:42:21,482] {bash_operator.py:123} INFO - Downloading the file spotprices_20181223_604329154527_ap-northeast-1.csv
[2019-02-10 19:42:21,482] {bash_operator.py:123} INFO - Downloading the file spotprices_20181223_604329154527_ap-northeast-2.csv
[2019-02-10 19:42:21,482] {bash_operator.py:123} INFO - Downloading the file spotprices_20181223_604329154527_eu-west-1.csv
[2019-02-10 19:42:21,482] {bash_operator.py:123} INFO - Downloading the file spotprices_20181223_604329154527_us-east-1.csv
[2019-02-10 19:42:21,482] {bash_operator.py:123} INFO - Downloading the file spotprices_20181223_604329154527_us-east-2.csv
[2019-02-10 19:42:21,482] {bash_operator.py:123} INFO - Downloading the file spotprices_20181223_604329154527_us-west-2.csv
[2019-02-10 19:42:21,483] {bash_operator.py:123} INFO - Downloading the file spotprices_20181224_604329154527_ap-northeast-1.csv
[2019-02-10 19:42:21,483] {bash_operator.py:123} INFO - Downloading the file spotprices_20181224_604329154527_ap-northeast-2.csv
[2019-02-10 19:42:21,483] {bash_operator.py:123} INFO - Downloading the file spotprices_20181224_604329154527_eu-west-1.csv
[2019-02-10 19:42:21,483] {bash_operator.py:123} INFO - Downloading the file spotprices_20181224_604329154527_us-east-1.csv
[2019-02-10 19:42:21,483] {bash_operator.py:123} INFO - Downloading the file spotprices_20181224_604329154527_us-east-2.csv
[2019-02-10 19:42:21,483] {bash_operator.py:123} INFO - Downloading the file spotprices_20181224_604329154527_us-west-2.csv
[2019-02-10 19:42:21,483] {bash_operator.py:123} INFO - Downloading the file spotprices_20181225_604329154527_ap-northeast-1.csv
[2019-02-10 19:42:21,483] {bash_operator.py:123} INFO - Downloading the file spotprices_20181225_604329154527_ap-northeast-2.csv
[2019-02-10 19:42:21,483] {bash_operator.py:123} INFO - Downloading the file spotprices_20181225_604329154527_eu-west-1.csv
[2019-02-10 19:42:21,483] {bash_operator.py:123} INFO - Downloading the file spotprices_20181225_604329154527_us-east-1.csv
[2019-02-10 19:42:21,483] {bash_operator.py:123} INFO - Downloading the file spotprices_20181225_604329154527_us-east-2.csv
[2019-02-10 19:42:21,483] {bash_operator.py:123} INFO - Downloading the file spotprices_20181225_604329154527_us-west-2.csv
[2019-02-10 19:42:21,483] {bash_operator.py:123} INFO - Downloading the file spotprices_20181226_604329154527_ap-northeast-1.csv
[2019-02-10 19:42:21,483] {bash_operator.py:123} INFO - Downloading the file spotprices_20181226_604329154527_ap-northeast-2.csv
[2019-02-10 19:42:21,483] {bash_operator.py:123} INFO - Downloading the file spotprices_20181226_604329154527_eu-west-1.csv
[2019-02-10 19:42:21,483] {bash_operator.py:123} INFO - Downloading the file spotprices_20181226_604329154527_us-east-1.csv
[2019-02-10 19:42:21,483] {bash_operator.py:123} INFO - Downloading the file spotprices_20181226_604329154527_us-east-2.csv
[2019-02-10 19:42:21,483] {bash_operator.py:123} INFO - Downloading the file spotprices_20181226_604329154527_us-west-2.csv
[2019-02-10 19:42:21,483] {bash_operator.py:123} INFO - Downloading the file spotprices_20181227_604329154527_ap-northeast-1.csv
[2019-02-10 19:42:21,483] {bash_operator.py:123} INFO - Downloading the file spotprices_20181227_604329154527_ap-northeast-2.csv
[2019-02-10 19:42:21,483] {bash_operator.py:123} INFO - Downloading the file spotprices_20181227_604329154527_eu-west-1.csv
[2019-02-10 19:42:21,483] {bash_operator.py:123} INFO - Downloading the file spotprices_20181227_604329154527_us-east-1.csv
[2019-02-10 19:42:21,483] {bash_operator.py:123} INFO - Downloading the file spotprices_20181227_604329154527_us-east-2.csv
[2019-02-10 19:42:21,483] {bash_operator.py:123} INFO - Downloading the file spotprices_20181227_604329154527_us-west-2.csv
[2019-02-10 19:42:21,483] {bash_operator.py:123} INFO - Downloading the file spotprices_20181228_604329154527_ap-northeast-1.csv
[2019-02-10 19:42:21,484] {bash_operator.py:123} INFO - Downloading the file spotprices_20181228_604329154527_ap-northeast-2.csv
[2019-02-10 19:42:21,484] {bash_operator.py:123} INFO - Downloading the file spotprices_20181228_604329154527_eu-west-1.csv
[2019-02-10 19:42:21,484] {bash_operator.py:123} INFO - Downloading the file spotprices_20181228_604329154527_us-east-1.csv
[2019-02-10 19:42:21,484] {bash_operator.py:123} INFO - Downloading the file spotprices_20181228_604329154527_us-east-2.csv
[2019-02-10 19:42:21,484] {bash_operator.py:123} INFO - Downloading the file spotprices_20181228_604329154527_us-west-2.csv
[2019-02-10 19:42:21,484] {bash_operator.py:123} INFO - Downloading the file spotprices_20181229_604329154527_ap-northeast-1.csv
[2019-02-10 19:42:21,484] {bash_operator.py:123} INFO - Downloading the file spotprices_20181229_604329154527_ap-northeast-2.csv
[2019-02-10 19:42:21,484] {bash_operator.py:123} INFO - Downloading the file spotprices_20181229_604329154527_eu-west-1.csv
[2019-02-10 19:42:21,484] {bash_operator.py:123} INFO - Downloading the file spotprices_20181229_604329154527_us-east-1.csv
[2019-02-10 19:42:21,484] {bash_operator.py:123} INFO - Downloading the file spotprices_20181229_604329154527_us-east-2.csv
[2019-02-10 19:42:21,484] {bash_operator.py:123} INFO - Downloading the file spotprices_20181229_604329154527_us-west-2.csv
[2019-02-10 19:42:21,484] {bash_operator.py:123} INFO - Downloading the file spotprices_20181230_604329154527_ap-northeast-1.csv
[2019-02-10 19:42:21,484] {bash_operator.py:123} INFO - Downloading the file spotprices_20181230_604329154527_ap-northeast-2.csv
[2019-02-10 19:42:21,484] {bash_operator.py:123} INFO - Downloading the file spotprices_20181230_604329154527_eu-west-1.csv
[2019-02-10 19:42:21,484] {bash_operator.py:123} INFO - Downloading the file spotprices_20181230_604329154527_us-east-1.csv
[2019-02-10 19:42:21,484] {bash_operator.py:123} INFO - Downloading the file spotprices_20181230_604329154527_us-east-2.csv
[2019-02-10 19:42:21,484] {bash_operator.py:123} INFO - Downloading the file spotprices_20181230_604329154527_us-west-2.csv
[2019-02-10 19:42:21,484] {bash_operator.py:123} INFO - Downloading the file spotprices_20181231_604329154527_ap-northeast-1.csv
[2019-02-10 19:42:21,484] {bash_operator.py:123} INFO - Downloading the file spotprices_20181231_604329154527_ap-northeast-2.csv
[2019-02-10 19:42:21,484] {bash_operator.py:123} INFO - Downloading the file spotprices_20181231_604329154527_eu-west-1.csv
[2019-02-10 19:42:21,484] {bash_operator.py:123} INFO - Downloading the file spotprices_20181231_604329154527_us-east-1.csv
[2019-02-10 19:42:21,484] {bash_operator.py:123} INFO - Downloading the file spotprices_20181231_604329154527_us-east-2.csv
[2019-02-10 19:42:21,484] {bash_operator.py:123} INFO - Downloading the file spotprices_20181231_604329154527_us-west-2.csv
[2019-02-10 19:42:21,484] {bash_operator.py:123} INFO - Downloading the file spotprices_20190101_604329154527_ap-northeast-1.csv
[2019-02-10 19:42:21,484] {bash_operator.py:123} INFO - Downloading the file spotprices_20190101_604329154527_ap-northeast-2.csv
[2019-02-10 19:42:21,484] {bash_operator.py:123} INFO - Downloading the file spotprices_20190101_604329154527_eu-west-1.csv
[2019-02-10 19:42:21,485] {bash_operator.py:123} INFO - Downloading the file spotprices_20190101_604329154527_us-east-1.csv
[2019-02-10 19:42:21,485] {bash_operator.py:123} INFO - Downloading the file spotprices_20190101_604329154527_us-east-2.csv
[2019-02-10 19:42:21,485] {bash_operator.py:123} INFO - Downloading the file spotprices_20190101_604329154527_us-west-2.csv
[2019-02-10 19:42:21,485] {bash_operator.py:123} INFO - Downloading the file spotprices_20190102_604329154527_ap-northeast-1.csv
[2019-02-10 19:42:21,485] {bash_operator.py:123} INFO - Downloading the file spotprices_20190102_604329154527_ap-northeast-2.csv
[2019-02-10 19:42:21,485] {bash_operator.py:123} INFO - Downloading the file spotprices_20190102_604329154527_eu-west-1.csv
[2019-02-10 19:42:21,485] {bash_operator.py:123} INFO - Downloading the file spotprices_20190102_604329154527_us-east-1.csv
[2019-02-10 19:42:21,485] {bash_operator.py:123} INFO - Downloading the file spotprices_20190102_604329154527_us-east-2.csv
[2019-02-10 19:42:21,485] {bash_operator.py:123} INFO - Downloading the file spotprices_20190102_604329154527_us-west-2.csv
[2019-02-10 19:42:21,485] {bash_operator.py:123} INFO - Downloading the file spotprices_20190103_604329154527_ap-northeast-1.csv
[2019-02-10 19:42:21,485] {bash_operator.py:123} INFO - Downloading the file spotprices_20190103_604329154527_ap-northeast-2.csv
[2019-02-10 19:42:21,485] {bash_operator.py:123} INFO - Downloading the file spotprices_20190103_604329154527_eu-west-1.csv
[2019-02-10 19:42:21,485] {bash_operator.py:123} INFO - Downloading the file spotprices_20190103_604329154527_us-east-1.csv
[2019-02-10 19:42:21,485] {bash_operator.py:123} INFO - Downloading the file spotprices_20190103_604329154527_us-east-2.csv
[2019-02-10 19:42:21,485] {bash_operator.py:123} INFO - Downloading the file spotprices_20190103_604329154527_us-west-2.csv
[2019-02-10 19:42:21,485] {bash_operator.py:123} INFO - Downloading the file spotprices_20190104_604329154527_ap-northeast-1.csv
[2019-02-10 19:42:21,485] {bash_operator.py:123} INFO - Downloading the file spotprices_20190104_604329154527_ap-northeast-2.csv
[2019-02-10 19:42:21,485] {bash_operator.py:123} INFO - Downloading the file spotprices_20190104_604329154527_eu-west-1.csv
[2019-02-10 19:42:21,485] {bash_operator.py:123} INFO - Downloading the file spotprices_20190104_604329154527_us-east-1.csv
[2019-02-10 19:42:21,485] {bash_operator.py:123} INFO - Downloading the file spotprices_20190104_604329154527_us-east-2.csv
[2019-02-10 19:42:21,485] {bash_operator.py:123} INFO - Downloading the file spotprices_20190104_604329154527_us-west-2.csv
[2019-02-10 19:42:21,485] {bash_operator.py:123} INFO - Downloading the file spotprices_20190105_604329154527_ap-northeast-1.csv
[2019-02-10 19:42:21,485] {bash_operator.py:123} INFO - Downloading the file spotprices_20190105_604329154527_ap-northeast-2.csv
[2019-02-10 19:42:21,485] {bash_operator.py:123} INFO - Downloading the file spotprices_20190105_604329154527_eu-west-1.csv
[2019-02-10 19:42:21,485] {bash_operator.py:123} INFO - Downloading the file spotprices_20190105_604329154527_us-east-1.csv
[2019-02-10 19:42:21,485] {bash_operator.py:123} INFO - Downloading the file spotprices_20190105_604329154527_us-east-2.csv
[2019-02-10 19:42:21,485] {bash_operator.py:123} INFO - Downloading the file spotprices_20190105_604329154527_us-west-2.csv
[2019-02-10 19:42:21,486] {bash_operator.py:123} INFO - Downloading the file spotprices_20190106_604329154527_ap-northeast-1.csv
[2019-02-10 19:42:21,486] {bash_operator.py:123} INFO - Downloading the file spotprices_20190106_604329154527_ap-northeast-2.csv
[2019-02-10 19:42:21,486] {bash_operator.py:123} INFO - Downloading the file spotprices_20190106_604329154527_eu-west-1.csv
[2019-02-10 19:42:21,486] {bash_operator.py:123} INFO - Downloading the file spotprices_20190106_604329154527_us-east-1.csv
[2019-02-10 19:42:21,486] {bash_operator.py:123} INFO - Downloading the file spotprices_20190106_604329154527_us-east-2.csv
[2019-02-10 19:42:21,486] {bash_operator.py:123} INFO - Downloading the file spotprices_20190106_604329154527_us-west-2.csv
[2019-02-10 19:42:21,486] {bash_operator.py:123} INFO - Downloading the file spotprices_20190107_604329154527_ap-northeast-1.csv
[2019-02-10 19:42:21,486] {bash_operator.py:123} INFO - Downloading the file spotprices_20190107_604329154527_ap-northeast-2.csv
[2019-02-10 19:42:21,486] {bash_operator.py:123} INFO - Downloading the file spotprices_20190107_604329154527_eu-west-1.csv
[2019-02-10 19:42:21,486] {bash_operator.py:123} INFO - Downloading the file spotprices_20190107_604329154527_us-east-1.csv
[2019-02-10 19:42:21,486] {bash_operator.py:123} INFO - Downloading the file spotprices_20190107_604329154527_us-east-2.csv
[2019-02-10 19:42:21,486] {bash_operator.py:123} INFO - Downloading the file spotprices_20190107_604329154527_us-west-2.csv
[2019-02-10 19:42:21,486] {bash_operator.py:123} INFO - Downloading the file spotprices_20190108_604329154527_ap-northeast-1.csv
[2019-02-10 19:42:21,486] {bash_operator.py:123} INFO - Downloading the file spotprices_20190108_604329154527_ap-northeast-2.csv
[2019-02-10 19:42:21,486] {bash_operator.py:123} INFO - Downloading the file spotprices_20190108_604329154527_eu-west-1.csv
[2019-02-10 19:42:21,486] {bash_operator.py:123} INFO - Downloading the file spotprices_20190108_604329154527_us-east-1.csv
[2019-02-10 19:42:21,486] {bash_operator.py:123} INFO - Downloading the file spotprices_20190108_604329154527_us-east-2.csv
[2019-02-10 19:42:21,486] {bash_operator.py:123} INFO - Downloading the file spotprices_20190108_604329154527_us-west-2.csv
[2019-02-10 19:42:21,486] {bash_operator.py:123} INFO - Downloading the file spotprices_20190109_604329154527_ap-northeast-1.csv
[2019-02-10 19:42:21,486] {bash_operator.py:123} INFO - Downloading the file spotprices_20190109_604329154527_ap-northeast-2.csv
[2019-02-10 19:42:21,486] {bash_operator.py:123} INFO - Downloading the file spotprices_20190109_604329154527_eu-west-1.csv
[2019-02-10 19:42:21,486] {bash_operator.py:123} INFO - Downloading the file spotprices_20190109_604329154527_us-east-1.csv
[2019-02-10 19:42:21,486] {bash_operator.py:123} INFO - Downloading the file spotprices_20190109_604329154527_us-east-2.csv
[2019-02-10 19:42:21,486] {bash_operator.py:123} INFO - Downloading the file spotprices_20190109_604329154527_us-west-2.csv
[2019-02-10 19:42:21,486] {bash_operator.py:123} INFO - Downloading the file spotprices_20190110_604329154527_ap-northeast-1.csv
[2019-02-10 19:42:21,486] {bash_operator.py:123} INFO - Downloading the file spotprices_20190110_604329154527_ap-northeast-2.csv
[2019-02-10 19:42:21,487] {bash_operator.py:123} INFO - Downloading the file spotprices_20190110_604329154527_eu-west-1.csv
[2019-02-10 19:42:21,487] {bash_operator.py:123} INFO - Downloading the file spotprices_20190110_604329154527_us-east-1.csv
[2019-02-10 19:42:21,487] {bash_operator.py:123} INFO - Downloading the file spotprices_20190110_604329154527_us-east-2.csv
[2019-02-10 19:42:29,287] {bash_operator.py:123} INFO - Downloading the file spotprices_20190110_604329154527_us-west-2.csv
[2019-02-10 19:42:29,287] {bash_operator.py:123} INFO - Downloading the file spotprices_20190111_604329154527_ap-northeast-1.csv
[2019-02-10 19:42:29,287] {bash_operator.py:123} INFO - Downloading the file spotprices_20190111_604329154527_ap-northeast-2.csv
[2019-02-10 19:42:29,287] {bash_operator.py:123} INFO - Downloading the file spotprices_20190111_604329154527_eu-west-1.csv
[2019-02-10 19:42:29,288] {bash_operator.py:123} INFO - Downloading the file spotprices_20190111_604329154527_us-east-1.csv
[2019-02-10 19:42:29,288] {bash_operator.py:123} INFO - Downloading the file spotprices_20190111_604329154527_us-east-2.csv
[2019-02-10 19:42:29,288] {bash_operator.py:123} INFO - Downloading the file spotprices_20190111_604329154527_us-west-2.csv
[2019-02-10 19:42:29,288] {bash_operator.py:123} INFO - Downloading the file spotprices_20190112_604329154527_ap-northeast-1.csv
[2019-02-10 19:42:29,288] {bash_operator.py:123} INFO - Downloading the file spotprices_20190112_604329154527_ap-northeast-2.csv
[2019-02-10 19:42:29,288] {bash_operator.py:123} INFO - Downloading the file spotprices_20190112_604329154527_eu-west-1.csv
[2019-02-10 19:42:29,288] {bash_operator.py:123} INFO - Downloading the file spotprices_20190112_604329154527_us-east-1.csv
[2019-02-10 19:42:29,288] {bash_operator.py:123} INFO - Downloading the file spotprices_20190112_604329154527_us-east-2.csv
[2019-02-10 19:42:29,288] {bash_operator.py:123} INFO - Downloading the file spotprices_20190112_604329154527_us-west-2.csv
[2019-02-10 19:42:29,288] {bash_operator.py:123} INFO - Downloading the file spotprices_20190113_604329154527_ap-northeast-1.csv
[2019-02-10 19:42:29,288] {bash_operator.py:123} INFO - Downloading the file spotprices_20190113_604329154527_ap-northeast-2.csv
[2019-02-10 19:42:29,288] {bash_operator.py:123} INFO - Downloading the file spotprices_20190113_604329154527_eu-west-1.csv
[2019-02-10 19:42:29,288] {bash_operator.py:123} INFO - Downloading the file spotprices_20190113_604329154527_us-east-1.csv
[2019-02-10 19:42:29,288] {bash_operator.py:123} INFO - Downloading the file spotprices_20190113_604329154527_us-east-2.csv
[2019-02-10 19:42:29,288] {bash_operator.py:123} INFO - Downloading the file spotprices_20190113_604329154527_us-west-2.csv
[2019-02-10 19:42:29,288] {bash_operator.py:123} INFO - Downloading the file spotprices_20190114_604329154527_ap-northeast-1.csv
[2019-02-10 19:42:29,288] {bash_operator.py:123} INFO - Downloading the file spotprices_20190114_604329154527_ap-northeast-2.csv
[2019-02-10 19:42:29,288] {bash_operator.py:123} INFO - Downloading the file spotprices_20190114_604329154527_eu-west-1.csv
[2019-02-10 19:42:29,288] {bash_operator.py:123} INFO - Downloading the file spotprices_20190114_604329154527_us-east-1.csv
[2019-02-10 19:42:29,288] {bash_operator.py:123} INFO - Downloading the file spotprices_20190114_604329154527_us-east-2.csv
[2019-02-10 19:42:29,288] {bash_operator.py:123} INFO - Downloading the file spotprices_20190114_604329154527_us-west-2.csv
[2019-02-10 19:42:29,288] {bash_operator.py:123} INFO - Downloading the file spotprices_20190115_604329154527_ap-northeast-1.csv
[2019-02-10 19:42:29,288] {bash_operator.py:123} INFO - Downloading the file spotprices_20190115_604329154527_ap-northeast-2.csv
[2019-02-10 19:42:29,288] {bash_operator.py:123} INFO - Downloading the file spotprices_20190115_604329154527_eu-west-1.csv
[2019-02-10 19:42:29,289] {bash_operator.py:123} INFO - Downloading the file spotprices_20190115_604329154527_us-east-1.csv
[2019-02-10 19:42:29,289] {bash_operator.py:123} INFO - Downloading the file spotprices_20190115_604329154527_us-east-2.csv
[2019-02-10 19:42:29,289] {bash_operator.py:123} INFO - Downloading the file spotprices_20190115_604329154527_us-west-2.csv
[2019-02-10 19:42:29,289] {bash_operator.py:123} INFO - Downloading the file spotprices_20190116_604329154527_ap-northeast-1.csv
[2019-02-10 19:42:29,289] {bash_operator.py:123} INFO - Downloading the file spotprices_20190116_604329154527_ap-northeast-2.csv
[2019-02-10 19:42:29,289] {bash_operator.py:123} INFO - Downloading the file spotprices_20190116_604329154527_eu-west-1.csv
[2019-02-10 19:42:29,289] {bash_operator.py:123} INFO - Downloading the file spotprices_20190116_604329154527_us-east-1.csv
[2019-02-10 19:42:29,289] {bash_operator.py:123} INFO - Downloading the file spotprices_20190116_604329154527_us-east-2.csv
[2019-02-10 19:42:29,289] {bash_operator.py:123} INFO - Downloading the file spotprices_20190116_604329154527_us-west-2.csv
[2019-02-10 19:42:29,289] {bash_operator.py:123} INFO - Downloading the file spotprices_20190117_604329154527_ap-northeast-1.csv
[2019-02-10 19:42:29,289] {bash_operator.py:123} INFO - Downloading the file spotprices_20190117_604329154527_ap-northeast-2.csv
[2019-02-10 19:42:29,289] {bash_operator.py:123} INFO - Downloading the file spotprices_20190117_604329154527_eu-west-1.csv
[2019-02-10 19:42:29,289] {bash_operator.py:123} INFO - Downloading the file spotprices_20190117_604329154527_us-east-1.csv
[2019-02-10 19:42:29,289] {bash_operator.py:123} INFO - Downloading the file spotprices_20190117_604329154527_us-east-2.csv
[2019-02-10 19:42:29,289] {bash_operator.py:123} INFO - Downloading the file spotprices_20190117_604329154527_us-west-2.csv
[2019-02-10 19:42:29,289] {bash_operator.py:123} INFO - Downloading the file spotprices_20190118_604329154527_ap-northeast-1.csv
[2019-02-10 19:42:29,289] {bash_operator.py:123} INFO - Downloading the file spotprices_20190118_604329154527_ap-northeast-2.csv
[2019-02-10 19:42:29,289] {bash_operator.py:123} INFO - Downloading the file spotprices_20190118_604329154527_eu-west-1.csv
[2019-02-10 19:42:29,289] {bash_operator.py:123} INFO - Downloading the file spotprices_20190118_604329154527_us-east-1.csv
[2019-02-10 19:42:29,289] {bash_operator.py:123} INFO - Downloading the file spotprices_20190118_604329154527_us-east-2.csv
[2019-02-10 19:42:29,289] {bash_operator.py:123} INFO - Downloading the file spotprices_20190118_604329154527_us-west-2.csv
[2019-02-10 19:42:29,289] {bash_operator.py:123} INFO - Downloading the file spotprices_20190119_604329154527_ap-northeast-1.csv
[2019-02-10 19:42:29,289] {bash_operator.py:123} INFO - Downloading the file spotprices_20190119_604329154527_ap-northeast-2.csv
[2019-02-10 19:42:29,289] {bash_operator.py:123} INFO - Downloading the file spotprices_20190119_604329154527_eu-west-1.csv
[2019-02-10 19:42:29,289] {bash_operator.py:123} INFO - Downloading the file spotprices_20190119_604329154527_us-east-1.csv
[2019-02-10 19:42:29,289] {bash_operator.py:123} INFO - Downloading the file spotprices_20190119_604329154527_us-east-2.csv
[2019-02-10 19:42:29,289] {bash_operator.py:123} INFO - Downloading the file spotprices_20190119_604329154527_us-west-2.csv
[2019-02-10 19:42:29,290] {bash_operator.py:123} INFO - Downloading the file spotprices_20190120_604329154527_ap-northeast-1.csv
[2019-02-10 19:42:29,290] {bash_operator.py:123} INFO - Downloading the file spotprices_20190120_604329154527_ap-northeast-2.csv
[2019-02-10 19:42:29,290] {bash_operator.py:123} INFO - Downloading the file spotprices_20190120_604329154527_eu-west-1.csv
[2019-02-10 19:42:29,290] {bash_operator.py:123} INFO - Downloading the file spotprices_20190120_604329154527_us-east-1.csv
[2019-02-10 19:42:29,290] {bash_operator.py:123} INFO - Downloading the file spotprices_20190120_604329154527_us-east-2.csv
[2019-02-10 19:42:29,290] {bash_operator.py:123} INFO - Downloading the file spotprices_20190120_604329154527_us-west-2.csv
[2019-02-10 19:42:29,290] {bash_operator.py:123} INFO - Downloading the file spotprices_20190121_604329154527_ap-northeast-1.csv
[2019-02-10 19:42:29,290] {bash_operator.py:123} INFO - Downloading the file spotprices_20190121_604329154527_ap-northeast-2.csv
[2019-02-10 19:42:29,290] {bash_operator.py:123} INFO - Downloading the file spotprices_20190121_604329154527_eu-west-1.csv
[2019-02-10 19:42:29,290] {bash_operator.py:123} INFO - Downloading the file spotprices_20190121_604329154527_us-east-1.csv
[2019-02-10 19:42:29,290] {bash_operator.py:123} INFO - Downloading the file spotprices_20190121_604329154527_us-east-2.csv
[2019-02-10 19:42:29,290] {bash_operator.py:123} INFO - Downloading the file spotprices_20190121_604329154527_us-west-2.csv
[2019-02-10 19:42:29,290] {bash_operator.py:123} INFO - Downloading the file spotprices_20190122_604329154527_ap-northeast-1.csv
[2019-02-10 19:42:29,290] {bash_operator.py:123} INFO - Downloading the file spotprices_20190122_604329154527_ap-northeast-2.csv
[2019-02-10 19:42:29,290] {bash_operator.py:123} INFO - Downloading the file spotprices_20190122_604329154527_eu-west-1.csv
[2019-02-10 19:42:29,290] {bash_operator.py:123} INFO - Downloading the file spotprices_20190122_604329154527_us-east-1.csv
[2019-02-10 19:42:29,290] {bash_operator.py:123} INFO - Downloading the file spotprices_20190122_604329154527_us-east-2.csv
[2019-02-10 19:42:29,290] {bash_operator.py:123} INFO - Downloading the file spotprices_20190122_604329154527_us-west-2.csv
[2019-02-10 19:42:29,290] {bash_operator.py:123} INFO - Downloading the file spotprices_20190123_604329154527_ap-northeast-1.csv
[2019-02-10 19:42:29,290] {bash_operator.py:123} INFO - Downloading the file spotprices_20190123_604329154527_ap-northeast-2.csv
[2019-02-10 19:42:29,290] {bash_operator.py:123} INFO - Downloading the file spotprices_20190123_604329154527_eu-west-1.csv
[2019-02-10 19:42:29,290] {bash_operator.py:123} INFO - Downloading the file spotprices_20190123_604329154527_us-east-1.csv
[2019-02-10 19:42:29,290] {bash_operator.py:123} INFO - Downloading the file spotprices_20190123_604329154527_us-east-2.csv
[2019-02-10 19:42:29,290] {bash_operator.py:123} INFO - Downloading the file spotprices_20190123_604329154527_us-west-2.csv
[2019-02-10 19:42:29,290] {bash_operator.py:123} INFO - Downloading the file spotprices_20190124_604329154527_ap-northeast-1.csv
[2019-02-10 19:42:29,290] {bash_operator.py:123} INFO - Downloading the file spotprices_20190124_604329154527_ap-northeast-2.csv
[2019-02-10 19:42:29,291] {bash_operator.py:123} INFO - Downloading the file spotprices_20190124_604329154527_eu-west-1.csv
[2019-02-10 19:42:29,291] {bash_operator.py:123} INFO - Downloading the file spotprices_20190124_604329154527_us-east-1.csv
[2019-02-10 19:42:29,291] {bash_operator.py:123} INFO - Downloading the file spotprices_20190124_604329154527_us-east-2.csv
[2019-02-10 19:42:29,291] {bash_operator.py:123} INFO - Downloading the file spotprices_20190124_604329154527_us-west-2.csv
[2019-02-10 19:42:29,291] {bash_operator.py:123} INFO - Downloading the file spotprices_20190125_604329154527_ap-northeast-1.csv
[2019-02-10 19:42:29,291] {bash_operator.py:123} INFO - Downloading the file spotprices_20190125_604329154527_ap-northeast-2.csv
[2019-02-10 19:42:29,291] {bash_operator.py:123} INFO - Downloading the file spotprices_20190125_604329154527_eu-west-1.csv
[2019-02-10 19:42:29,291] {bash_operator.py:123} INFO - Downloading the file spotprices_20190125_604329154527_us-east-1.csv
[2019-02-10 19:42:29,291] {bash_operator.py:123} INFO - Downloading the file spotprices_20190125_604329154527_us-east-2.csv
[2019-02-10 19:42:29,291] {bash_operator.py:123} INFO - Downloading the file spotprices_20190125_604329154527_us-west-2.csv
[2019-02-10 19:42:29,291] {bash_operator.py:123} INFO - Downloading the file spotprices_20190126_604329154527_ap-northeast-1.csv
[2019-02-10 19:42:29,291] {bash_operator.py:123} INFO - Downloading the file spotprices_20190126_604329154527_ap-northeast-2.csv
[2019-02-10 19:42:29,291] {bash_operator.py:123} INFO - Downloading the file spotprices_20190126_604329154527_eu-west-1.csv
[2019-02-10 19:42:29,291] {bash_operator.py:123} INFO - Downloading the file spotprices_20190126_604329154527_us-east-1.csv
[2019-02-10 19:42:29,291] {bash_operator.py:123} INFO - Downloading the file spotprices_20190126_604329154527_us-east-2.csv
[2019-02-10 19:42:29,291] {bash_operator.py:123} INFO - Downloading the file spotprices_20190126_604329154527_us-west-2.csv
[2019-02-10 19:42:29,291] {bash_operator.py:123} INFO - Downloading the file spotprices_20190127_604329154527_ap-northeast-1.csv
[2019-02-10 19:42:29,291] {bash_operator.py:123} INFO - Downloading the file spotprices_20190127_604329154527_ap-northeast-2.csv
[2019-02-10 19:42:29,291] {bash_operator.py:123} INFO - Downloading the file spotprices_20190127_604329154527_eu-west-1.csv
[2019-02-10 19:42:29,291] {bash_operator.py:123} INFO - Downloading the file spotprices_20190127_604329154527_us-east-1.csv
[2019-02-10 19:42:29,292] {bash_operator.py:123} INFO - Downloading the file spotprices_20190127_604329154527_us-east-2.csv
[2019-02-10 19:42:29,292] {bash_operator.py:123} INFO - Downloading the file spotprices_20190127_604329154527_us-west-2.csv
[2019-02-10 19:42:29,292] {bash_operator.py:123} INFO - Downloading the file spotprices_20190128_604329154527_ap-northeast-1.csv
[2019-02-10 19:42:29,292] {bash_operator.py:123} INFO - Downloading the file spotprices_20190128_604329154527_ap-northeast-2.csv
[2019-02-10 19:42:29,292] {bash_operator.py:123} INFO - Downloading the file spotprices_20190128_604329154527_eu-west-1.csv
[2019-02-10 19:42:29,292] {bash_operator.py:123} INFO - Downloading the file spotprices_20190128_604329154527_us-east-1.csv
[2019-02-10 19:42:29,292] {bash_operator.py:123} INFO - Downloading the file spotprices_20190128_604329154527_us-east-2.csv
[2019-02-10 19:42:29,292] {bash_operator.py:123} INFO - Downloading the file spotprices_20190128_604329154527_us-west-2.csv
[2019-02-10 19:42:29,292] {bash_operator.py:123} INFO - Downloading the file spotprices_20190129_604329154527_ap-northeast-1.csv
[2019-02-10 19:42:29,292] {bash_operator.py:123} INFO - Downloading the file spotprices_20190129_604329154527_ap-northeast-2.csv
[2019-02-10 19:42:29,292] {bash_operator.py:123} INFO - Downloading the file spotprices_20190129_604329154527_eu-west-1.csv
[2019-02-10 19:42:29,292] {bash_operator.py:123} INFO - Downloading the file spotprices_20190129_604329154527_us-east-1.csv
[2019-02-10 19:42:29,292] {bash_operator.py:123} INFO - Downloading the file spotprices_20190129_604329154527_us-east-2.csv
[2019-02-10 19:42:29,292] {bash_operator.py:123} INFO - Downloading the file spotprices_20190129_604329154527_us-west-2.csv
[2019-02-10 19:42:29,292] {bash_operator.py:123} INFO - Downloading the file spotprices_20190130_604329154527_ap-northeast-1.csv
[2019-02-10 19:42:29,292] {bash_operator.py:123} INFO - Downloading the file spotprices_20190130_604329154527_ap-northeast-2.csv
[2019-02-10 19:42:29,292] {bash_operator.py:123} INFO - Downloading the file spotprices_20190130_604329154527_eu-west-1.csv
[2019-02-10 19:42:33,561] {bash_operator.py:123} INFO - Downloading the file spotprices_20190130_604329154527_us-east-1.csv
[2019-02-10 19:42:33,561] {bash_operator.py:123} INFO - Downloading the file spotprices_20190130_604329154527_us-east-2.csv
[2019-02-10 19:42:33,561] {bash_operator.py:123} INFO - Downloading the file spotprices_20190130_604329154527_us-west-2.csv
[2019-02-10 19:42:33,561] {bash_operator.py:123} INFO - Downloading the file spotprices_20190131_604329154527_ap-northeast-1.csv
[2019-02-10 19:42:33,561] {bash_operator.py:123} INFO - Downloading the file spotprices_20190131_604329154527_ap-northeast-2.csv
[2019-02-10 19:42:33,561] {bash_operator.py:123} INFO - Downloading the file spotprices_20190131_604329154527_eu-west-1.csv
[2019-02-10 19:42:33,561] {bash_operator.py:123} INFO - Downloading the file spotprices_20190131_604329154527_us-east-1.csv
[2019-02-10 19:42:33,561] {bash_operator.py:123} INFO - Downloading the file spotprices_20190131_604329154527_us-east-2.csv
[2019-02-10 19:42:33,561] {bash_operator.py:123} INFO - Downloading the file spotprices_20190131_604329154527_us-west-2.csv
[2019-02-10 19:42:33,561] {bash_operator.py:123} INFO - Downloading the file spotprices_20190201_604329154527_ap-northeast-1.csv
[2019-02-10 19:42:33,561] {bash_operator.py:123} INFO - Downloading the file spotprices_20190201_604329154527_ap-northeast-2.csv
[2019-02-10 19:42:33,562] {bash_operator.py:123} INFO - Downloading the file spotprices_20190201_604329154527_eu-west-1.csv
[2019-02-10 19:42:33,562] {bash_operator.py:123} INFO - Downloading the file spotprices_20190201_604329154527_us-east-1.csv
[2019-02-10 19:42:33,562] {bash_operator.py:123} INFO - Downloading the file spotprices_20190201_604329154527_us-east-2.csv
[2019-02-10 19:42:33,562] {bash_operator.py:123} INFO - Downloading the file spotprices_20190201_604329154527_us-west-2.csv
[2019-02-10 19:42:33,562] {bash_operator.py:123} INFO - Downloading the file spotprices_20190202_604329154527_ap-northeast-1.csv
[2019-02-10 19:42:33,562] {bash_operator.py:123} INFO - Downloading the file spotprices_20190202_604329154527_ap-northeast-2.csv
[2019-02-10 19:42:33,562] {bash_operator.py:123} INFO - Downloading the file spotprices_20190202_604329154527_eu-west-1.csv
[2019-02-10 19:42:33,562] {bash_operator.py:123} INFO - Downloading the file spotprices_20190202_604329154527_us-east-1.csv
[2019-02-10 19:42:33,562] {bash_operator.py:123} INFO - Downloading the file spotprices_20190202_604329154527_us-east-2.csv
[2019-02-10 19:42:33,562] {bash_operator.py:123} INFO - Downloading the file spotprices_20190202_604329154527_us-west-2.csv
[2019-02-10 19:42:33,562] {bash_operator.py:123} INFO - Downloading the file spotprices_20190203_604329154527_ap-northeast-1.csv
[2019-02-10 19:42:33,562] {bash_operator.py:123} INFO - Downloading the file spotprices_20190203_604329154527_ap-northeast-2.csv
[2019-02-10 19:42:33,562] {bash_operator.py:123} INFO - Downloading the file spotprices_20190203_604329154527_eu-west-1.csv
[2019-02-10 19:42:33,562] {bash_operator.py:123} INFO - Downloading the file spotprices_20190203_604329154527_us-east-1.csv
[2019-02-10 19:42:33,562] {bash_operator.py:123} INFO - Downloading the file spotprices_20190203_604329154527_us-east-2.csv
[2019-02-10 19:42:33,562] {bash_operator.py:123} INFO - Downloading the file spotprices_20190203_604329154527_us-west-2.csv
[2019-02-10 19:42:33,562] {bash_operator.py:123} INFO - Downloading the file spotprices_20190204_604329154527_ap-northeast-1.csv
[2019-02-10 19:42:33,562] {bash_operator.py:123} INFO - Downloading the file spotprices_20190204_604329154527_ap-northeast-2.csv
[2019-02-10 19:42:33,562] {bash_operator.py:123} INFO - Downloading the file spotprices_20190204_604329154527_eu-west-1.csv
[2019-02-10 19:42:33,562] {bash_operator.py:123} INFO - Downloading the file spotprices_20190204_604329154527_us-east-1.csv
[2019-02-10 19:42:33,562] {bash_operator.py:123} INFO - Downloading the file spotprices_20190204_604329154527_us-east-2.csv
[2019-02-10 19:42:33,562] {bash_operator.py:123} INFO - Downloading the file spotprices_20190204_604329154527_us-west-2.csv
[2019-02-10 19:42:33,562] {bash_operator.py:123} INFO - Downloading the file spotprices_20190205_604329154527_ap-northeast-1.csv
[2019-02-10 19:42:33,562] {bash_operator.py:123} INFO - Downloading the file spotprices_20190205_604329154527_ap-northeast-2.csv
[2019-02-10 19:42:33,562] {bash_operator.py:123} INFO - Downloading the file spotprices_20190205_604329154527_eu-west-1.csv
[2019-02-10 19:42:33,562] {bash_operator.py:123} INFO - Downloading the file spotprices_20190205_604329154527_us-east-1.csv
[2019-02-10 19:42:33,562] {bash_operator.py:123} INFO - Downloading the file spotprices_20190205_604329154527_us-east-2.csv
[2019-02-10 19:42:33,563] {bash_operator.py:123} INFO - Downloading the file spotprices_20190205_604329154527_us-west-2.csv
[2019-02-10 19:42:33,563] {bash_operator.py:123} INFO - Downloading the file spotprices_20190206_604329154527_ap-northeast-1.csv
[2019-02-10 19:42:33,563] {bash_operator.py:123} INFO - Downloading the file spotprices_20190206_604329154527_ap-northeast-2.csv
[2019-02-10 19:42:33,563] {bash_operator.py:123} INFO - Downloading the file spotprices_20190206_604329154527_eu-west-1.csv
[2019-02-10 19:42:33,563] {bash_operator.py:123} INFO - Downloading the file spotprices_20190206_604329154527_us-east-1.csv
[2019-02-10 19:42:33,563] {bash_operator.py:123} INFO - Downloading the file spotprices_20190206_604329154527_us-east-2.csv
[2019-02-10 19:42:33,563] {bash_operator.py:123} INFO - Downloading the file spotprices_20190206_604329154527_us-west-2.csv
[2019-02-10 19:42:33,563] {bash_operator.py:123} INFO - Downloading the file spotprices_20190207_604329154527_ap-northeast-1.csv
[2019-02-10 19:42:33,563] {bash_operator.py:123} INFO - Downloading the file spotprices_20190207_604329154527_ap-northeast-2.csv
[2019-02-10 19:42:33,563] {bash_operator.py:123} INFO - Downloading the file spotprices_20190207_604329154527_eu-west-1.csv
[2019-02-10 19:42:33,563] {bash_operator.py:123} INFO - Downloading the file spotprices_20190207_604329154527_us-east-1.csv
[2019-02-10 19:42:33,563] {bash_operator.py:123} INFO - Downloading the file spotprices_20190207_604329154527_us-east-2.csv
[2019-02-10 19:42:33,563] {bash_operator.py:123} INFO - Downloading the file spotprices_20190207_604329154527_us-west-2.csv
[2019-02-10 19:42:33,563] {bash_operator.py:123} INFO - Downloading the file spotprices_20190208_604329154527_ap-northeast-1.csv
[2019-02-10 19:42:33,563] {bash_operator.py:123} INFO - Downloading the file spotprices_20190208_604329154527_ap-northeast-2.csv
[2019-02-10 19:42:33,563] {bash_operator.py:123} INFO - Downloading the file spotprices_20190208_604329154527_eu-west-1.csv
[2019-02-10 19:42:33,563] {bash_operator.py:123} INFO - Downloading the file spotprices_20190208_604329154527_us-east-1.csv
[2019-02-10 19:42:33,563] {bash_operator.py:123} INFO - Downloading the file spotprices_20190208_604329154527_us-east-2.csv
[2019-02-10 19:42:33,563] {bash_operator.py:123} INFO - Downloading the file spotprices_20190208_604329154527_us-west-2.csv
[2019-02-10 19:42:33,563] {bash_operator.py:123} INFO - Downloading the file spotprices_20190209_604329154527_ap-northeast-1.csv
[2019-02-10 19:42:33,563] {bash_operator.py:123} INFO - Downloading the file spotprices_20190209_604329154527_ap-northeast-2.csv
[2019-02-10 19:42:33,563] {bash_operator.py:123} INFO - Downloading the file spotprices_20190209_604329154527_eu-west-1.csv
[2019-02-10 19:42:33,563] {bash_operator.py:123} INFO - Downloading the file spotprices_20190209_604329154527_us-east-1.csv
[2019-02-10 19:42:33,563] {bash_operator.py:123} INFO - Downloading the file spotprices_20190209_604329154527_us-east-2.csv
[2019-02-10 19:42:33,563] {bash_operator.py:123} INFO - Downloading the file spotprices_20190209_604329154527_us-west-2.csv
[2019-02-10 19:42:33,658] {bash_operator.py:127} INFO - Command exited with return code 0
[2019-02-10 19:42:34,413] {logging_mixin.py:95} INFO - [2019-02-10 19:42:34,413] {jobs.py:2527} INFO - Task exited with return code 0
